[INFO][2014-11-23 15:18:32,974][org.springframework.web.context.ContextLoader]Root WebApplicationContext: initialization started
[INFO][2014-11-23 15:18:33,930][org.springframework.web.context.support.XmlWebApplicationContext]Refreshing Root WebApplicationContext: startup date [Sun Nov 23 15:18:33 CST 2014]; root of context hierarchy
[INFO][2014-11-23 15:18:34,227][org.springframework.beans.factory.xml.XmlBeanDefinitionReader]Loading XML bean definitions from class path resource [spring.xml]
[INFO][2014-11-23 15:18:35,383][org.springframework.beans.factory.xml.XmlBeanDefinitionReader]Loading XML bean definitions from class path resource [spring-hibernate.xml]
[INFO][2014-11-23 15:18:37,844][org.springframework.beans.factory.config.PropertyPlaceholderConfigurer]Loading properties file from class path resource [config.properties]
[ERROR][2014-11-23 15:18:37,866][org.springframework.web.context.ContextLoader]Context initialization failed
org.springframework.beans.factory.BeanDefinitionStoreException: Invalid bean definition with name 'dataSource' defined in class path resource [spring-hibernate.xml]: Could not resolve placeholder 'validationQuery' in string value "${validationQuery}"; nested exception is java.lang.IllegalArgumentException: Could not resolve placeholder 'validationQuery' in string value "${validationQuery}"
	at org.springframework.beans.factory.config.PlaceholderConfigurerSupport.doProcessProperties(PlaceholderConfigurerSupport.java:211)
	at org.springframework.beans.factory.config.PropertyPlaceholderConfigurer.processProperties(PropertyPlaceholderConfigurer.java:223)
	at org.springframework.beans.factory.config.PropertyResourceConfigurer.postProcessBeanFactory(PropertyResourceConfigurer.java:86)
	at org.springframework.context.support.PostProcessorRegistrationDelegate.invokeBeanFactoryPostProcessors(PostProcessorRegistrationDelegate.java:265)
	at org.springframework.context.support.PostProcessorRegistrationDelegate.invokeBeanFactoryPostProcessors(PostProcessorRegistrationDelegate.java:162)
	at org.springframework.context.support.AbstractApplicationContext.invokeBeanFactoryPostProcessors(AbstractApplicationContext.java:609)
	at org.springframework.context.support.AbstractApplicationContext.refresh(AbstractApplicationContext.java:464)
	at org.springframework.web.context.ContextLoader.configureAndRefreshWebApplicationContext(ContextLoader.java:403)
	at org.springframework.web.context.ContextLoader.initWebApplicationContext(ContextLoader.java:306)
	at org.springframework.web.context.ContextLoaderListener.contextInitialized(ContextLoaderListener.java:106)
	at org.mortbay.jetty.handler.ContextHandler.startContext(ContextHandler.java:549)
	at org.mortbay.jetty.servlet.Context.startContext(Context.java:136)
	at org.mortbay.jetty.webapp.WebAppContext.startContext(WebAppContext.java:1282)
	at org.mortbay.jetty.handler.ContextHandler.doStart(ContextHandler.java:518)
	at org.mortbay.jetty.webapp.WebAppContext.doStart(WebAppContext.java:499)
	at org.mortbay.component.AbstractLifeCycle.start(AbstractLifeCycle.java:50)
	at org.mortbay.jetty.handler.HandlerWrapper.doStart(HandlerWrapper.java:130)
	at org.mortbay.jetty.Server.doStart(Server.java:224)
	at org.mortbay.component.AbstractLifeCycle.start(AbstractLifeCycle.java:50)
	at com.bean.test.AppTest.main(AppTest.java:14)
	at sun.reflect.NativeMethodAccessorImpl.invoke0(Native Method)
	at sun.reflect.NativeMethodAccessorImpl.invoke(NativeMethodAccessorImpl.java:57)
	at sun.reflect.DelegatingMethodAccessorImpl.invoke(DelegatingMethodAccessorImpl.java:43)
	at java.lang.reflect.Method.invoke(Method.java:601)
	at com.intellij.rt.execution.application.AppMain.main(AppMain.java:134)
Caused by: java.lang.IllegalArgumentException: Could not resolve placeholder 'validationQuery' in string value "${validationQuery}"
	at org.springframework.util.PropertyPlaceholderHelper.parseStringValue(PropertyPlaceholderHelper.java:174)
	at org.springframework.util.PropertyPlaceholderHelper.replacePlaceholders(PropertyPlaceholderHelper.java:126)
	at org.springframework.beans.factory.config.PropertyPlaceholderConfigurer$PlaceholderResolvingStringValueResolver.resolveStringValue(PropertyPlaceholderConfigurer.java:259)
	at org.springframework.beans.factory.config.BeanDefinitionVisitor.resolveStringValue(BeanDefinitionVisitor.java:282)
	at org.springframework.beans.factory.config.BeanDefinitionVisitor.resolveValue(BeanDefinitionVisitor.java:204)
	at org.springframework.beans.factory.config.BeanDefinitionVisitor.visitPropertyValues(BeanDefinitionVisitor.java:141)
	at org.springframework.beans.factory.config.BeanDefinitionVisitor.visitBeanDefinition(BeanDefinitionVisitor.java:82)
	at org.springframework.beans.factory.config.PlaceholderConfigurerSupport.doProcessProperties(PlaceholderConfigurerSupport.java:208)
	... 24 more
[INFO][2014-11-23 15:20:40,712][org.springframework.web.context.ContextLoader]Root WebApplicationContext: initialization started
[INFO][2014-11-23 15:20:40,870][org.springframework.web.context.support.XmlWebApplicationContext]Refreshing Root WebApplicationContext: startup date [Sun Nov 23 15:20:40 CST 2014]; root of context hierarchy
[INFO][2014-11-23 15:20:40,928][org.springframework.beans.factory.xml.XmlBeanDefinitionReader]Loading XML bean definitions from class path resource [spring.xml]
[INFO][2014-11-23 15:20:41,108][org.springframework.beans.factory.xml.XmlBeanDefinitionReader]Loading XML bean definitions from class path resource [spring-hibernate.xml]
[INFO][2014-11-23 15:20:41,326][org.springframework.beans.factory.config.PropertyPlaceholderConfigurer]Loading properties file from class path resource [config.properties]
[ERROR][2014-11-23 15:20:42,508][com.alibaba.druid.pool.DruidAbstractDataSource]maxIdle is deprecated
[ERROR][2014-11-23 15:20:43,497][com.alibaba.druid.pool.DruidDataSource]dataSource init error
java.sql.SQLException: com.mysql.jdbc.Driver
	at com.alibaba.druid.util.JdbcUtils.createDriver(JdbcUtils.java:510)
	at com.alibaba.druid.pool.DruidDataSource.init(DruidDataSource.java:563)
	at sun.reflect.NativeMethodAccessorImpl.invoke0(Native Method)
	at sun.reflect.NativeMethodAccessorImpl.invoke(NativeMethodAccessorImpl.java:57)
	at sun.reflect.DelegatingMethodAccessorImpl.invoke(DelegatingMethodAccessorImpl.java:43)
	at java.lang.reflect.Method.invoke(Method.java:601)
	at org.springframework.beans.factory.support.AbstractAutowireCapableBeanFactory.invokeCustomInitMethod(AbstractAutowireCapableBeanFactory.java:1681)
	at org.springframework.beans.factory.support.AbstractAutowireCapableBeanFactory.invokeInitMethods(AbstractAutowireCapableBeanFactory.java:1620)
	at org.springframework.beans.factory.support.AbstractAutowireCapableBeanFactory.initializeBean(AbstractAutowireCapableBeanFactory.java:1549)
	at org.springframework.beans.factory.support.AbstractAutowireCapableBeanFactory.doCreateBean(AbstractAutowireCapableBeanFactory.java:539)
	at org.springframework.beans.factory.support.AbstractAutowireCapableBeanFactory.createBean(AbstractAutowireCapableBeanFactory.java:475)
	at org.springframework.beans.factory.support.AbstractBeanFactory$1.getObject(AbstractBeanFactory.java:304)
	at org.springframework.beans.factory.support.DefaultSingletonBeanRegistry.getSingleton(DefaultSingletonBeanRegistry.java:228)
	at org.springframework.beans.factory.support.AbstractBeanFactory.doGetBean(AbstractBeanFactory.java:300)
	at org.springframework.beans.factory.support.AbstractBeanFactory.getBean(AbstractBeanFactory.java:195)
	at org.springframework.beans.factory.support.DefaultListableBeanFactory.preInstantiateSingletons(DefaultListableBeanFactory.java:700)
	at org.springframework.context.support.AbstractApplicationContext.finishBeanFactoryInitialization(AbstractApplicationContext.java:760)
	at org.springframework.context.support.AbstractApplicationContext.refresh(AbstractApplicationContext.java:482)
	at org.springframework.web.context.ContextLoader.configureAndRefreshWebApplicationContext(ContextLoader.java:403)
	at org.springframework.web.context.ContextLoader.initWebApplicationContext(ContextLoader.java:306)
	at org.springframework.web.context.ContextLoaderListener.contextInitialized(ContextLoaderListener.java:106)
	at org.mortbay.jetty.handler.ContextHandler.startContext(ContextHandler.java:549)
	at org.mortbay.jetty.servlet.Context.startContext(Context.java:136)
	at org.mortbay.jetty.webapp.WebAppContext.startContext(WebAppContext.java:1282)
	at org.mortbay.jetty.handler.ContextHandler.doStart(ContextHandler.java:518)
	at org.mortbay.jetty.webapp.WebAppContext.doStart(WebAppContext.java:499)
	at org.mortbay.component.AbstractLifeCycle.start(AbstractLifeCycle.java:50)
	at org.mortbay.jetty.handler.HandlerWrapper.doStart(HandlerWrapper.java:130)
	at org.mortbay.jetty.Server.doStart(Server.java:224)
	at org.mortbay.component.AbstractLifeCycle.start(AbstractLifeCycle.java:50)
	at com.bean.test.AppTest.main(AppTest.java:14)
	at sun.reflect.NativeMethodAccessorImpl.invoke0(Native Method)
	at sun.reflect.NativeMethodAccessorImpl.invoke(NativeMethodAccessorImpl.java:57)
	at sun.reflect.DelegatingMethodAccessorImpl.invoke(DelegatingMethodAccessorImpl.java:43)
	at java.lang.reflect.Method.invoke(Method.java:601)
	at com.intellij.rt.execution.application.AppMain.main(AppMain.java:134)
Caused by: java.lang.ClassNotFoundException: com.mysql.jdbc.Driver
	at java.net.URLClassLoader$1.run(URLClassLoader.java:366)
	at java.net.URLClassLoader$1.run(URLClassLoader.java:355)
	at java.security.AccessController.doPrivileged(Native Method)
	at java.net.URLClassLoader.findClass(URLClassLoader.java:354)
	at java.lang.ClassLoader.loadClass(ClassLoader.java:423)
	at sun.misc.Launcher$AppClassLoader.loadClass(Launcher.java:308)
	at java.lang.ClassLoader.loadClass(ClassLoader.java:356)
	at java.lang.Class.forName0(Native Method)
	at java.lang.Class.forName(Class.java:186)
	at com.alibaba.druid.util.JdbcUtils.createDriver(JdbcUtils.java:508)
	... 35 more
[INFO][2014-11-23 15:20:43,506][com.alibaba.druid.pool.DruidDataSource]{dataSource-1} inited
[ERROR][2014-11-23 15:20:44,002][org.springframework.web.context.ContextLoader]Context initialization failed
org.springframework.beans.factory.BeanCreationException: Error creating bean with name 'dataSource' defined in class path resource [spring-hibernate.xml]: Invocation of init method failed; nested exception is java.sql.SQLException: com.mysql.jdbc.Driver
	at org.springframework.beans.factory.support.AbstractAutowireCapableBeanFactory.initializeBean(AbstractAutowireCapableBeanFactory.java:1553)
	at org.springframework.beans.factory.support.AbstractAutowireCapableBeanFactory.doCreateBean(AbstractAutowireCapableBeanFactory.java:539)
	at org.springframework.beans.factory.support.AbstractAutowireCapableBeanFactory.createBean(AbstractAutowireCapableBeanFactory.java:475)
	at org.springframework.beans.factory.support.AbstractBeanFactory$1.getObject(AbstractBeanFactory.java:304)
	at org.springframework.beans.factory.support.DefaultSingletonBeanRegistry.getSingleton(DefaultSingletonBeanRegistry.java:228)
	at org.springframework.beans.factory.support.AbstractBeanFactory.doGetBean(AbstractBeanFactory.java:300)
	at org.springframework.beans.factory.support.AbstractBeanFactory.getBean(AbstractBeanFactory.java:195)
	at org.springframework.beans.factory.support.DefaultListableBeanFactory.preInstantiateSingletons(DefaultListableBeanFactory.java:700)
	at org.springframework.context.support.AbstractApplicationContext.finishBeanFactoryInitialization(AbstractApplicationContext.java:760)
	at org.springframework.context.support.AbstractApplicationContext.refresh(AbstractApplicationContext.java:482)
	at org.springframework.web.context.ContextLoader.configureAndRefreshWebApplicationContext(ContextLoader.java:403)
	at org.springframework.web.context.ContextLoader.initWebApplicationContext(ContextLoader.java:306)
	at org.springframework.web.context.ContextLoaderListener.contextInitialized(ContextLoaderListener.java:106)
	at org.mortbay.jetty.handler.ContextHandler.startContext(ContextHandler.java:549)
	at org.mortbay.jetty.servlet.Context.startContext(Context.java:136)
	at org.mortbay.jetty.webapp.WebAppContext.startContext(WebAppContext.java:1282)
	at org.mortbay.jetty.handler.ContextHandler.doStart(ContextHandler.java:518)
	at org.mortbay.jetty.webapp.WebAppContext.doStart(WebAppContext.java:499)
	at org.mortbay.component.AbstractLifeCycle.start(AbstractLifeCycle.java:50)
	at org.mortbay.jetty.handler.HandlerWrapper.doStart(HandlerWrapper.java:130)
	at org.mortbay.jetty.Server.doStart(Server.java:224)
	at org.mortbay.component.AbstractLifeCycle.start(AbstractLifeCycle.java:50)
	at com.bean.test.AppTest.main(AppTest.java:14)
	at sun.reflect.NativeMethodAccessorImpl.invoke0(Native Method)
	at sun.reflect.NativeMethodAccessorImpl.invoke(NativeMethodAccessorImpl.java:57)
	at sun.reflect.DelegatingMethodAccessorImpl.invoke(DelegatingMethodAccessorImpl.java:43)
	at java.lang.reflect.Method.invoke(Method.java:601)
	at com.intellij.rt.execution.application.AppMain.main(AppMain.java:134)
Caused by: java.sql.SQLException: com.mysql.jdbc.Driver
	at com.alibaba.druid.util.JdbcUtils.createDriver(JdbcUtils.java:510)
	at com.alibaba.druid.pool.DruidDataSource.init(DruidDataSource.java:563)
	at sun.reflect.NativeMethodAccessorImpl.invoke0(Native Method)
	at sun.reflect.NativeMethodAccessorImpl.invoke(NativeMethodAccessorImpl.java:57)
	at sun.reflect.DelegatingMethodAccessorImpl.invoke(DelegatingMethodAccessorImpl.java:43)
	at java.lang.reflect.Method.invoke(Method.java:601)
	at org.springframework.beans.factory.support.AbstractAutowireCapableBeanFactory.invokeCustomInitMethod(AbstractAutowireCapableBeanFactory.java:1681)
	at org.springframework.beans.factory.support.AbstractAutowireCapableBeanFactory.invokeInitMethods(AbstractAutowireCapableBeanFactory.java:1620)
	at org.springframework.beans.factory.support.AbstractAutowireCapableBeanFactory.initializeBean(AbstractAutowireCapableBeanFactory.java:1549)
	... 27 more
Caused by: java.lang.ClassNotFoundException: com.mysql.jdbc.Driver
	at java.net.URLClassLoader$1.run(URLClassLoader.java:366)
	at java.net.URLClassLoader$1.run(URLClassLoader.java:355)
	at java.security.AccessController.doPrivileged(Native Method)
	at java.net.URLClassLoader.findClass(URLClassLoader.java:354)
	at java.lang.ClassLoader.loadClass(ClassLoader.java:423)
	at sun.misc.Launcher$AppClassLoader.loadClass(Launcher.java:308)
	at java.lang.ClassLoader.loadClass(ClassLoader.java:356)
	at java.lang.Class.forName0(Native Method)
	at java.lang.Class.forName(Class.java:186)
	at com.alibaba.druid.util.JdbcUtils.createDriver(JdbcUtils.java:508)
	... 35 more
[INFO][2014-11-23 15:24:04,264][org.springframework.web.context.ContextLoader]Root WebApplicationContext: initialization started
[INFO][2014-11-23 15:24:04,380][org.springframework.web.context.support.XmlWebApplicationContext]Refreshing Root WebApplicationContext: startup date [Sun Nov 23 15:24:04 CST 2014]; root of context hierarchy
[INFO][2014-11-23 15:24:04,432][org.springframework.beans.factory.xml.XmlBeanDefinitionReader]Loading XML bean definitions from class path resource [spring.xml]
[INFO][2014-11-23 15:24:04,798][org.springframework.beans.factory.xml.XmlBeanDefinitionReader]Loading XML bean definitions from class path resource [spring-hibernate.xml]
[INFO][2014-11-23 15:24:05,074][org.springframework.beans.factory.config.PropertyPlaceholderConfigurer]Loading properties file from class path resource [config.properties]
[ERROR][2014-11-23 15:24:05,224][com.alibaba.druid.pool.DruidAbstractDataSource]maxIdle is deprecated
[INFO][2014-11-23 15:24:05,624][com.alibaba.druid.pool.DruidDataSource]{dataSource-1} inited
[ERROR][2014-11-23 15:24:07,807][org.springframework.web.context.ContextLoader]Context initialization failed
java.lang.NoClassDefFoundError: Lorg/hibernate/cache/spi/RegionFactory;
	at java.lang.Class.getDeclaredFields0(Native Method)
	at java.lang.Class.privateGetDeclaredFields(Class.java:2308)
	at java.lang.Class.getDeclaredFields(Class.java:1760)
	at org.springframework.orm.jpa.support.PersistenceAnnotationBeanPostProcessor.findPersistenceMetadata(PersistenceAnnotationBeanPostProcessor.java:392)
	at org.springframework.orm.jpa.support.PersistenceAnnotationBeanPostProcessor.postProcessMergedBeanDefinition(PersistenceAnnotationBeanPostProcessor.java:332)
	at org.springframework.beans.factory.support.AbstractAutowireCapableBeanFactory.applyMergedBeanDefinitionPostProcessors(AbstractAutowireCapableBeanFactory.java:908)
	at org.springframework.beans.factory.support.AbstractAutowireCapableBeanFactory.doCreateBean(AbstractAutowireCapableBeanFactory.java:512)
	at org.springframework.beans.factory.support.AbstractAutowireCapableBeanFactory.createBean(AbstractAutowireCapableBeanFactory.java:475)
	at org.springframework.beans.factory.support.AbstractBeanFactory$1.getObject(AbstractBeanFactory.java:304)
	at org.springframework.beans.factory.support.DefaultSingletonBeanRegistry.getSingleton(DefaultSingletonBeanRegistry.java:228)
	at org.springframework.beans.factory.support.AbstractBeanFactory.doGetBean(AbstractBeanFactory.java:300)
	at org.springframework.beans.factory.support.AbstractBeanFactory.getBean(AbstractBeanFactory.java:195)
	at org.springframework.beans.factory.support.DefaultListableBeanFactory.preInstantiateSingletons(DefaultListableBeanFactory.java:681)
	at org.springframework.context.support.AbstractApplicationContext.finishBeanFactoryInitialization(AbstractApplicationContext.java:760)
	at org.springframework.context.support.AbstractApplicationContext.refresh(AbstractApplicationContext.java:482)
	at org.springframework.web.context.ContextLoader.configureAndRefreshWebApplicationContext(ContextLoader.java:403)
	at org.springframework.web.context.ContextLoader.initWebApplicationContext(ContextLoader.java:306)
	at org.springframework.web.context.ContextLoaderListener.contextInitialized(ContextLoaderListener.java:106)
	at org.mortbay.jetty.handler.ContextHandler.startContext(ContextHandler.java:549)
	at org.mortbay.jetty.servlet.Context.startContext(Context.java:136)
	at org.mortbay.jetty.webapp.WebAppContext.startContext(WebAppContext.java:1282)
	at org.mortbay.jetty.handler.ContextHandler.doStart(ContextHandler.java:518)
	at org.mortbay.jetty.webapp.WebAppContext.doStart(WebAppContext.java:499)
	at org.mortbay.component.AbstractLifeCycle.start(AbstractLifeCycle.java:50)
	at org.mortbay.jetty.handler.HandlerWrapper.doStart(HandlerWrapper.java:130)
	at org.mortbay.jetty.Server.doStart(Server.java:224)
	at org.mortbay.component.AbstractLifeCycle.start(AbstractLifeCycle.java:50)
	at com.bean.test.AppTest.main(AppTest.java:14)
	at sun.reflect.NativeMethodAccessorImpl.invoke0(Native Method)
	at sun.reflect.NativeMethodAccessorImpl.invoke(NativeMethodAccessorImpl.java:57)
	at sun.reflect.DelegatingMethodAccessorImpl.invoke(DelegatingMethodAccessorImpl.java:43)
	at java.lang.reflect.Method.invoke(Method.java:601)
	at com.intellij.rt.execution.application.AppMain.main(AppMain.java:134)
Caused by: java.lang.ClassNotFoundException: org.hibernate.cache.spi.RegionFactory
	at java.net.URLClassLoader$1.run(URLClassLoader.java:366)
	at java.net.URLClassLoader$1.run(URLClassLoader.java:355)
	at java.security.AccessController.doPrivileged(Native Method)
	at java.net.URLClassLoader.findClass(URLClassLoader.java:354)
	at java.lang.ClassLoader.loadClass(ClassLoader.java:423)
	at sun.misc.Launcher$AppClassLoader.loadClass(Launcher.java:308)
	at java.lang.ClassLoader.loadClass(ClassLoader.java:356)
	... 33 more
[INFO][2014-11-23 15:25:05,120][org.springframework.web.context.ContextLoader]Root WebApplicationContext: initialization started
[INFO][2014-11-23 15:25:05,231][org.springframework.web.context.support.XmlWebApplicationContext]Refreshing Root WebApplicationContext: startup date [Sun Nov 23 15:25:05 CST 2014]; root of context hierarchy
[INFO][2014-11-23 15:25:05,280][org.springframework.beans.factory.xml.XmlBeanDefinitionReader]Loading XML bean definitions from class path resource [spring.xml]
[INFO][2014-11-23 15:25:05,445][org.springframework.beans.factory.xml.XmlBeanDefinitionReader]Loading XML bean definitions from class path resource [spring-hibernate.xml]
[INFO][2014-11-23 15:25:05,675][org.springframework.beans.factory.config.PropertyPlaceholderConfigurer]Loading properties file from class path resource [config.properties]
[ERROR][2014-11-23 15:25:05,828][com.alibaba.druid.pool.DruidAbstractDataSource]maxIdle is deprecated
[INFO][2014-11-23 15:25:05,948][com.alibaba.druid.pool.DruidDataSource]{dataSource-1} inited
[ERROR][2014-11-23 15:25:06,291][org.springframework.web.context.ContextLoader]Context initialization failed
java.lang.NoClassDefFoundError: Lorg/hibernate/cache/spi/RegionFactory;
	at java.lang.Class.getDeclaredFields0(Native Method)
	at java.lang.Class.privateGetDeclaredFields(Class.java:2308)
	at java.lang.Class.getDeclaredFields(Class.java:1760)
	at org.springframework.orm.jpa.support.PersistenceAnnotationBeanPostProcessor.findPersistenceMetadata(PersistenceAnnotationBeanPostProcessor.java:392)
	at org.springframework.orm.jpa.support.PersistenceAnnotationBeanPostProcessor.postProcessMergedBeanDefinition(PersistenceAnnotationBeanPostProcessor.java:332)
	at org.springframework.beans.factory.support.AbstractAutowireCapableBeanFactory.applyMergedBeanDefinitionPostProcessors(AbstractAutowireCapableBeanFactory.java:908)
	at org.springframework.beans.factory.support.AbstractAutowireCapableBeanFactory.doCreateBean(AbstractAutowireCapableBeanFactory.java:512)
	at org.springframework.beans.factory.support.AbstractAutowireCapableBeanFactory.createBean(AbstractAutowireCapableBeanFactory.java:475)
	at org.springframework.beans.factory.support.AbstractBeanFactory$1.getObject(AbstractBeanFactory.java:304)
	at org.springframework.beans.factory.support.DefaultSingletonBeanRegistry.getSingleton(DefaultSingletonBeanRegistry.java:228)
	at org.springframework.beans.factory.support.AbstractBeanFactory.doGetBean(AbstractBeanFactory.java:300)
	at org.springframework.beans.factory.support.AbstractBeanFactory.getBean(AbstractBeanFactory.java:195)
	at org.springframework.beans.factory.support.DefaultListableBeanFactory.preInstantiateSingletons(DefaultListableBeanFactory.java:681)
	at org.springframework.context.support.AbstractApplicationContext.finishBeanFactoryInitialization(AbstractApplicationContext.java:760)
	at org.springframework.context.support.AbstractApplicationContext.refresh(AbstractApplicationContext.java:482)
	at org.springframework.web.context.ContextLoader.configureAndRefreshWebApplicationContext(ContextLoader.java:403)
	at org.springframework.web.context.ContextLoader.initWebApplicationContext(ContextLoader.java:306)
	at org.springframework.web.context.ContextLoaderListener.contextInitialized(ContextLoaderListener.java:106)
	at org.mortbay.jetty.handler.ContextHandler.startContext(ContextHandler.java:549)
	at org.mortbay.jetty.servlet.Context.startContext(Context.java:136)
	at org.mortbay.jetty.webapp.WebAppContext.startContext(WebAppContext.java:1282)
	at org.mortbay.jetty.handler.ContextHandler.doStart(ContextHandler.java:518)
	at org.mortbay.jetty.webapp.WebAppContext.doStart(WebAppContext.java:499)
	at org.mortbay.component.AbstractLifeCycle.start(AbstractLifeCycle.java:50)
	at org.mortbay.jetty.handler.HandlerWrapper.doStart(HandlerWrapper.java:130)
	at org.mortbay.jetty.Server.doStart(Server.java:224)
	at org.mortbay.component.AbstractLifeCycle.start(AbstractLifeCycle.java:50)
	at com.bean.test.AppTest.main(AppTest.java:14)
	at sun.reflect.NativeMethodAccessorImpl.invoke0(Native Method)
	at sun.reflect.NativeMethodAccessorImpl.invoke(NativeMethodAccessorImpl.java:57)
	at sun.reflect.DelegatingMethodAccessorImpl.invoke(DelegatingMethodAccessorImpl.java:43)
	at java.lang.reflect.Method.invoke(Method.java:601)
	at com.intellij.rt.execution.application.AppMain.main(AppMain.java:134)
Caused by: java.lang.ClassNotFoundException: org.hibernate.cache.spi.RegionFactory
	at java.net.URLClassLoader$1.run(URLClassLoader.java:366)
	at java.net.URLClassLoader$1.run(URLClassLoader.java:355)
	at java.security.AccessController.doPrivileged(Native Method)
	at java.net.URLClassLoader.findClass(URLClassLoader.java:354)
	at java.lang.ClassLoader.loadClass(ClassLoader.java:423)
	at sun.misc.Launcher$AppClassLoader.loadClass(Launcher.java:308)
	at java.lang.ClassLoader.loadClass(ClassLoader.java:356)
	... 33 more
[INFO][2014-11-23 15:37:42,723][org.springframework.web.context.ContextLoader]Root WebApplicationContext: initialization started
[INFO][2014-11-23 15:37:43,036][org.springframework.web.context.support.XmlWebApplicationContext]Refreshing Root WebApplicationContext: startup date [Sun Nov 23 15:37:43 CST 2014]; root of context hierarchy
[INFO][2014-11-23 15:37:43,119][org.springframework.beans.factory.xml.XmlBeanDefinitionReader]Loading XML bean definitions from class path resource [spring.xml]
[INFO][2014-11-23 15:37:44,314][org.springframework.beans.factory.xml.XmlBeanDefinitionReader]Loading XML bean definitions from class path resource [spring-hibernate.xml]
[INFO][2014-11-23 15:37:44,885][org.springframework.beans.factory.config.PropertyPlaceholderConfigurer]Loading properties file from class path resource [config.properties]
[ERROR][2014-11-23 15:37:45,331][com.alibaba.druid.pool.DruidAbstractDataSource]maxIdle is deprecated
[INFO][2014-11-23 15:37:45,826][com.alibaba.druid.pool.DruidDataSource]{dataSource-1} inited
[INFO][2014-11-23 15:37:50,957][org.hibernate.annotations.common.Version]HCANN000001: Hibernate Commons Annotations {4.0.4.Final}
[INFO][2014-11-23 15:37:51,805][org.hibernate.Version]HHH000412: Hibernate Core {4.3.4.Final}
[INFO][2014-11-23 15:37:51,855][org.hibernate.cfg.Environment]HHH000206: hibernate.properties not found
[INFO][2014-11-23 15:37:51,857][org.hibernate.cfg.Environment]HHH000021: Bytecode provider name : javassist
[INFO][2014-11-23 15:38:04,459][org.hibernate.dialect.Dialect]HHH000400: Using dialect: org.hibernate.dialect.MySQLDialect
[INFO][2014-11-23 15:38:04,842][org.hibernate.engine.transaction.internal.TransactionFactoryInitiator]HHH000399: Using default transaction strategy (direct JDBC transactions)
[INFO][2014-11-23 15:38:04,898][org.hibernate.hql.internal.ast.ASTQueryTranslatorFactory]HHH000397: Using ASTQueryTranslatorFactory
[INFO][2014-11-23 15:38:05,605][org.hibernate.tool.hbm2ddl.SchemaUpdate]HHH000228: Running hbm2ddl schema update
[INFO][2014-11-23 15:38:05,606][org.hibernate.tool.hbm2ddl.SchemaUpdate]HHH000102: Fetching database metadata
[INFO][2014-11-23 15:38:05,624][org.hibernate.tool.hbm2ddl.SchemaUpdate]HHH000396: Updating schema
[INFO][2014-11-23 15:38:05,632][org.hibernate.tool.hbm2ddl.SchemaUpdate]HHH000232: Schema update complete
[INFO][2014-11-23 15:38:05,925][org.springframework.orm.hibernate4.HibernateTransactionManager]Using DataSource [{
	CreateTime:"2014-11-23 15:37:45",
	ActiveCount:0,
	PoolingCount:1,
	CreateCount:1,
	DestroyCount:0,
	CloseCount:2,
	ConnectCount:2,
	Connections:[
		{ID:11517299, ConnectTime:"2014-11-23 15:38:04", UseCount:2, LastActiveTime:"2014-11-23 15:38:05"}
	]
}] of Hibernate SessionFactory for HibernateTransactionManager
[INFO][2014-11-23 15:38:06,025][org.springframework.web.context.ContextLoader]Root WebApplicationContext: initialization completed in 23274 ms
[INFO][2014-11-23 15:38:06,282][org.springframework.web.servlet.DispatcherServlet]FrameworkServlet 'springMvc': initialization started
[INFO][2014-11-23 15:38:06,286][org.springframework.web.context.support.XmlWebApplicationContext]Refreshing WebApplicationContext for namespace 'springMvc-servlet': startup date [Sun Nov 23 15:38:06 CST 2014]; parent: Root WebApplicationContext
[INFO][2014-11-23 15:38:06,286][org.springframework.beans.factory.xml.XmlBeanDefinitionReader]Loading XML bean definitions from class path resource [spring-mvc.xml]
[INFO][2014-11-23 15:38:09,535][org.springframework.web.servlet.DispatcherServlet]FrameworkServlet 'springMvc': initialization completed in 3252 ms
[INFO][2014-11-23 15:38:43,459][org.springframework.web.context.ContextLoader]Root WebApplicationContext: initialization started
[INFO][2014-11-23 15:38:43,602][org.springframework.web.context.support.XmlWebApplicationContext]Refreshing Root WebApplicationContext: startup date [Sun Nov 23 15:38:43 CST 2014]; root of context hierarchy
[INFO][2014-11-23 15:38:43,669][org.springframework.beans.factory.xml.XmlBeanDefinitionReader]Loading XML bean definitions from class path resource [spring.xml]
[INFO][2014-11-23 15:38:43,895][org.springframework.beans.factory.xml.XmlBeanDefinitionReader]Loading XML bean definitions from class path resource [spring-hibernate.xml]
[INFO][2014-11-23 15:38:44,167][org.springframework.beans.factory.config.PropertyPlaceholderConfigurer]Loading properties file from class path resource [config.properties]
[ERROR][2014-11-23 15:38:44,343][com.alibaba.druid.pool.DruidAbstractDataSource]maxIdle is deprecated
[INFO][2014-11-23 15:38:44,476][com.alibaba.druid.pool.DruidDataSource]{dataSource-1} inited
[INFO][2014-11-23 15:38:45,055][org.hibernate.annotations.common.Version]HCANN000001: Hibernate Commons Annotations {4.0.4.Final}
[INFO][2014-11-23 15:38:45,070][org.hibernate.Version]HHH000412: Hibernate Core {4.3.4.Final}
[INFO][2014-11-23 15:38:45,073][org.hibernate.cfg.Environment]HHH000206: hibernate.properties not found
[INFO][2014-11-23 15:38:45,075][org.hibernate.cfg.Environment]HHH000021: Bytecode provider name : javassist
[INFO][2014-11-23 15:38:46,866][org.hibernate.dialect.Dialect]HHH000400: Using dialect: org.hibernate.dialect.MySQLDialect
[INFO][2014-11-23 15:38:46,954][org.hibernate.engine.transaction.internal.TransactionFactoryInitiator]HHH000399: Using default transaction strategy (direct JDBC transactions)
[INFO][2014-11-23 15:38:46,962][org.hibernate.hql.internal.ast.ASTQueryTranslatorFactory]HHH000397: Using ASTQueryTranslatorFactory
[INFO][2014-11-23 15:38:47,079][org.hibernate.tool.hbm2ddl.SchemaUpdate]HHH000228: Running hbm2ddl schema update
[INFO][2014-11-23 15:38:47,079][org.hibernate.tool.hbm2ddl.SchemaUpdate]HHH000102: Fetching database metadata
[INFO][2014-11-23 15:38:47,083][org.hibernate.tool.hbm2ddl.SchemaUpdate]HHH000396: Updating schema
[INFO][2014-11-23 15:38:47,084][org.hibernate.tool.hbm2ddl.SchemaUpdate]HHH000232: Schema update complete
[INFO][2014-11-23 15:38:47,145][org.springframework.orm.hibernate4.HibernateTransactionManager]Using DataSource [{
	CreateTime:"2014-11-23 15:38:44",
	ActiveCount:0,
	PoolingCount:1,
	CreateCount:1,
	DestroyCount:0,
	CloseCount:2,
	ConnectCount:2,
	Connections:[
		{ID:30716649, ConnectTime:"2014-11-23 15:38:46", UseCount:2, LastActiveTime:"2014-11-23 15:38:47"}
	]
}] of Hibernate SessionFactory for HibernateTransactionManager
[INFO][2014-11-23 15:38:47,168][org.springframework.web.context.ContextLoader]Root WebApplicationContext: initialization completed in 3708 ms
[INFO][2014-11-23 15:38:47,223][org.springframework.web.servlet.DispatcherServlet]FrameworkServlet 'springMvc': initialization started
[INFO][2014-11-23 15:38:47,226][org.springframework.web.context.support.XmlWebApplicationContext]Refreshing WebApplicationContext for namespace 'springMvc-servlet': startup date [Sun Nov 23 15:38:47 CST 2014]; parent: Root WebApplicationContext
[INFO][2014-11-23 15:38:47,226][org.springframework.beans.factory.xml.XmlBeanDefinitionReader]Loading XML bean definitions from class path resource [spring-mvc.xml]
[INFO][2014-11-23 15:38:47,784][org.springframework.web.servlet.DispatcherServlet]FrameworkServlet 'springMvc': initialization completed in 561 ms
[INFO][2014-11-23 15:43:11,274][org.springframework.web.context.ContextLoader]Root WebApplicationContext: initialization started
[INFO][2014-11-23 15:43:11,390][org.springframework.web.context.support.XmlWebApplicationContext]Refreshing Root WebApplicationContext: startup date [Sun Nov 23 15:43:11 CST 2014]; root of context hierarchy
[INFO][2014-11-23 15:43:11,443][org.springframework.beans.factory.xml.XmlBeanDefinitionReader]Loading XML bean definitions from class path resource [spring.xml]
[INFO][2014-11-23 15:43:11,667][org.springframework.beans.factory.xml.XmlBeanDefinitionReader]Loading XML bean definitions from class path resource [spring-hibernate.xml]
[INFO][2014-11-23 15:43:11,907][org.springframework.beans.factory.config.PropertyPlaceholderConfigurer]Loading properties file from class path resource [config.properties]
[ERROR][2014-11-23 15:43:12,048][com.alibaba.druid.pool.DruidAbstractDataSource]maxIdle is deprecated
[INFO][2014-11-23 15:43:12,159][com.alibaba.druid.pool.DruidDataSource]{dataSource-1} inited
[INFO][2014-11-23 15:43:12,636][org.hibernate.annotations.common.Version]HCANN000001: Hibernate Commons Annotations {4.0.4.Final}
[INFO][2014-11-23 15:43:12,644][org.hibernate.Version]HHH000412: Hibernate Core {4.3.4.Final}
[INFO][2014-11-23 15:43:12,646][org.hibernate.cfg.Environment]HHH000206: hibernate.properties not found
[INFO][2014-11-23 15:43:12,648][org.hibernate.cfg.Environment]HHH000021: Bytecode provider name : javassist
[INFO][2014-11-23 15:43:13,314][org.hibernate.dialect.Dialect]HHH000400: Using dialect: org.hibernate.dialect.MySQLDialect
[INFO][2014-11-23 15:43:13,378][org.hibernate.engine.transaction.internal.TransactionFactoryInitiator]HHH000399: Using default transaction strategy (direct JDBC transactions)
[INFO][2014-11-23 15:43:13,383][org.hibernate.hql.internal.ast.ASTQueryTranslatorFactory]HHH000397: Using ASTQueryTranslatorFactory
[INFO][2014-11-23 15:43:13,478][org.hibernate.tool.hbm2ddl.SchemaUpdate]HHH000228: Running hbm2ddl schema update
[INFO][2014-11-23 15:43:13,478][org.hibernate.tool.hbm2ddl.SchemaUpdate]HHH000102: Fetching database metadata
[INFO][2014-11-23 15:43:13,484][org.hibernate.tool.hbm2ddl.SchemaUpdate]HHH000396: Updating schema
[INFO][2014-11-23 15:43:13,485][org.hibernate.tool.hbm2ddl.SchemaUpdate]HHH000232: Schema update complete
[INFO][2014-11-23 15:43:13,561][org.springframework.orm.hibernate4.HibernateTransactionManager]Using DataSource [{
	CreateTime:"2014-11-23 15:43:11",
	ActiveCount:0,
	PoolingCount:1,
	CreateCount:1,
	DestroyCount:0,
	CloseCount:2,
	ConnectCount:2,
	Connections:[
		{ID:21163867, ConnectTime:"2014-11-23 15:43:13", UseCount:2, LastActiveTime:"2014-11-23 15:43:13"}
	]
}] of Hibernate SessionFactory for HibernateTransactionManager
[INFO][2014-11-23 15:43:13,586][org.springframework.web.context.ContextLoader]Root WebApplicationContext: initialization completed in 2312 ms
[INFO][2014-11-23 15:43:13,638][org.springframework.web.servlet.DispatcherServlet]FrameworkServlet 'springMvc': initialization started
[INFO][2014-11-23 15:43:13,642][org.springframework.web.context.support.XmlWebApplicationContext]Refreshing WebApplicationContext for namespace 'springMvc-servlet': startup date [Sun Nov 23 15:43:13 CST 2014]; parent: Root WebApplicationContext
[INFO][2014-11-23 15:43:13,642][org.springframework.beans.factory.xml.XmlBeanDefinitionReader]Loading XML bean definitions from class path resource [spring-mvc.xml]
[INFO][2014-11-23 15:43:14,306][org.springframework.web.servlet.mvc.annotation.DefaultAnnotationHandlerMapping]Mapped URL path [/basic/index] onto handler 'mobileController'
[INFO][2014-11-23 15:43:14,306][org.springframework.web.servlet.mvc.annotation.DefaultAnnotationHandlerMapping]Mapped URL path [/basic/index.*] onto handler 'mobileController'
[INFO][2014-11-23 15:43:14,306][org.springframework.web.servlet.mvc.annotation.DefaultAnnotationHandlerMapping]Mapped URL path [/basic/index/] onto handler 'mobileController'
[INFO][2014-11-23 15:43:14,306][org.springframework.web.servlet.mvc.annotation.DefaultAnnotationHandlerMapping]Mapped URL path [/basic/] onto handler 'mobileController'
[INFO][2014-11-23 15:43:14,353][org.springframework.web.servlet.DispatcherServlet]FrameworkServlet 'springMvc': initialization completed in 715 ms
[INFO][2014-11-23 15:49:54,534][org.springframework.web.context.ContextLoader]Root WebApplicationContext: initialization started
[INFO][2014-11-23 15:49:54,647][org.springframework.web.context.support.XmlWebApplicationContext]Refreshing Root WebApplicationContext: startup date [Sun Nov 23 15:49:54 CST 2014]; root of context hierarchy
[INFO][2014-11-23 15:49:54,699][org.springframework.beans.factory.xml.XmlBeanDefinitionReader]Loading XML bean definitions from class path resource [spring.xml]
[INFO][2014-11-23 15:49:54,869][org.springframework.beans.factory.xml.XmlBeanDefinitionReader]Loading XML bean definitions from class path resource [spring-hibernate.xml]
[INFO][2014-11-23 15:49:55,135][org.springframework.beans.factory.config.PropertyPlaceholderConfigurer]Loading properties file from class path resource [config.properties]
[ERROR][2014-11-23 15:49:55,288][com.alibaba.druid.pool.DruidAbstractDataSource]maxIdle is deprecated
[INFO][2014-11-23 15:49:55,408][com.alibaba.druid.pool.DruidDataSource]{dataSource-1} inited
[INFO][2014-11-23 15:49:55,860][org.hibernate.annotations.common.Version]HCANN000001: Hibernate Commons Annotations {4.0.4.Final}
[INFO][2014-11-23 15:49:55,868][org.hibernate.Version]HHH000412: Hibernate Core {4.3.4.Final}
[INFO][2014-11-23 15:49:55,870][org.hibernate.cfg.Environment]HHH000206: hibernate.properties not found
[INFO][2014-11-23 15:49:55,872][org.hibernate.cfg.Environment]HHH000021: Bytecode provider name : javassist
[INFO][2014-11-23 15:49:56,563][org.hibernate.dialect.Dialect]HHH000400: Using dialect: org.hibernate.dialect.MySQLDialect
[INFO][2014-11-23 15:49:56,629][org.hibernate.engine.transaction.internal.TransactionFactoryInitiator]HHH000399: Using default transaction strategy (direct JDBC transactions)
[INFO][2014-11-23 15:49:56,635][org.hibernate.hql.internal.ast.ASTQueryTranslatorFactory]HHH000397: Using ASTQueryTranslatorFactory
[INFO][2014-11-23 15:49:56,741][org.hibernate.tool.hbm2ddl.SchemaUpdate]HHH000228: Running hbm2ddl schema update
[INFO][2014-11-23 15:49:56,741][org.hibernate.tool.hbm2ddl.SchemaUpdate]HHH000102: Fetching database metadata
[INFO][2014-11-23 15:49:56,745][org.hibernate.tool.hbm2ddl.SchemaUpdate]HHH000396: Updating schema
[INFO][2014-11-23 15:49:56,746][org.hibernate.tool.hbm2ddl.SchemaUpdate]HHH000232: Schema update complete
[INFO][2014-11-23 15:49:56,825][org.springframework.orm.hibernate4.HibernateTransactionManager]Using DataSource [{
	CreateTime:"2014-11-23 15:49:55",
	ActiveCount:0,
	PoolingCount:1,
	CreateCount:1,
	DestroyCount:0,
	CloseCount:2,
	ConnectCount:2,
	Connections:[
		{ID:24135735, ConnectTime:"2014-11-23 15:49:56", UseCount:2, LastActiveTime:"2014-11-23 15:49:56"}
	]
}] of Hibernate SessionFactory for HibernateTransactionManager
[INFO][2014-11-23 15:49:56,848][org.springframework.web.context.ContextLoader]Root WebApplicationContext: initialization completed in 2314 ms
[INFO][2014-11-23 15:49:56,897][org.springframework.web.servlet.DispatcherServlet]FrameworkServlet 'springMvc': initialization started
[INFO][2014-11-23 15:49:56,899][org.springframework.web.context.support.XmlWebApplicationContext]Refreshing WebApplicationContext for namespace 'springMvc-servlet': startup date [Sun Nov 23 15:49:56 CST 2014]; parent: Root WebApplicationContext
[INFO][2014-11-23 15:49:56,900][org.springframework.beans.factory.xml.XmlBeanDefinitionReader]Loading XML bean definitions from class path resource [spring-mvc.xml]
[INFO][2014-11-23 15:49:57,449][org.springframework.web.servlet.mvc.annotation.DefaultAnnotationHandlerMapping]Mapped URL path [/basic/] onto handler 'mobileController'
[INFO][2014-11-23 15:49:57,494][org.springframework.web.servlet.DispatcherServlet]FrameworkServlet 'springMvc': initialization completed in 597 ms
[INFO][2014-11-23 15:50:22,112][org.springframework.web.context.ContextLoader]Root WebApplicationContext: initialization started
[INFO][2014-11-23 15:50:22,228][org.springframework.web.context.support.XmlWebApplicationContext]Refreshing Root WebApplicationContext: startup date [Sun Nov 23 15:50:22 CST 2014]; root of context hierarchy
[INFO][2014-11-23 15:50:22,277][org.springframework.beans.factory.xml.XmlBeanDefinitionReader]Loading XML bean definitions from class path resource [spring.xml]
[INFO][2014-11-23 15:50:22,453][org.springframework.beans.factory.xml.XmlBeanDefinitionReader]Loading XML bean definitions from class path resource [spring-hibernate.xml]
[INFO][2014-11-23 15:50:22,704][org.springframework.beans.factory.config.PropertyPlaceholderConfigurer]Loading properties file from class path resource [config.properties]
[ERROR][2014-11-23 15:50:22,886][com.alibaba.druid.pool.DruidAbstractDataSource]maxIdle is deprecated
[INFO][2014-11-23 15:50:23,018][com.alibaba.druid.pool.DruidDataSource]{dataSource-1} inited
[INFO][2014-11-23 15:50:23,481][org.hibernate.annotations.common.Version]HCANN000001: Hibernate Commons Annotations {4.0.4.Final}
[INFO][2014-11-23 15:50:23,489][org.hibernate.Version]HHH000412: Hibernate Core {4.3.4.Final}
[INFO][2014-11-23 15:50:23,491][org.hibernate.cfg.Environment]HHH000206: hibernate.properties not found
[INFO][2014-11-23 15:50:23,492][org.hibernate.cfg.Environment]HHH000021: Bytecode provider name : javassist
[INFO][2014-11-23 15:50:24,026][org.hibernate.dialect.Dialect]HHH000400: Using dialect: org.hibernate.dialect.MySQLDialect
[INFO][2014-11-23 15:50:24,091][org.hibernate.engine.transaction.internal.TransactionFactoryInitiator]HHH000399: Using default transaction strategy (direct JDBC transactions)
[INFO][2014-11-23 15:50:24,097][org.hibernate.hql.internal.ast.ASTQueryTranslatorFactory]HHH000397: Using ASTQueryTranslatorFactory
[INFO][2014-11-23 15:50:24,215][org.hibernate.tool.hbm2ddl.SchemaUpdate]HHH000228: Running hbm2ddl schema update
[INFO][2014-11-23 15:50:24,215][org.hibernate.tool.hbm2ddl.SchemaUpdate]HHH000102: Fetching database metadata
[INFO][2014-11-23 15:50:24,219][org.hibernate.tool.hbm2ddl.SchemaUpdate]HHH000396: Updating schema
[INFO][2014-11-23 15:50:24,220][org.hibernate.tool.hbm2ddl.SchemaUpdate]HHH000232: Schema update complete
[INFO][2014-11-23 15:50:24,294][org.springframework.orm.hibernate4.HibernateTransactionManager]Using DataSource [{
	CreateTime:"2014-11-23 15:50:22",
	ActiveCount:0,
	PoolingCount:1,
	CreateCount:1,
	DestroyCount:0,
	CloseCount:2,
	ConnectCount:2,
	Connections:[
		{ID:24135735, ConnectTime:"2014-11-23 15:50:24", UseCount:2, LastActiveTime:"2014-11-23 15:50:24"}
	]
}] of Hibernate SessionFactory for HibernateTransactionManager
[INFO][2014-11-23 15:50:24,321][org.springframework.web.context.ContextLoader]Root WebApplicationContext: initialization completed in 2208 ms
[INFO][2014-11-23 15:50:24,369][org.springframework.web.servlet.DispatcherServlet]FrameworkServlet 'springMvc': initialization started
[INFO][2014-11-23 15:50:24,372][org.springframework.web.context.support.XmlWebApplicationContext]Refreshing WebApplicationContext for namespace 'springMvc-servlet': startup date [Sun Nov 23 15:50:24 CST 2014]; parent: Root WebApplicationContext
[INFO][2014-11-23 15:50:24,373][org.springframework.beans.factory.xml.XmlBeanDefinitionReader]Loading XML bean definitions from class path resource [spring-mvc.xml]
[INFO][2014-11-23 15:50:24,913][org.springframework.web.servlet.mvc.annotation.DefaultAnnotationHandlerMapping]Mapped URL path [//] onto handler 'mobileController'
[INFO][2014-11-23 15:50:24,958][org.springframework.web.servlet.DispatcherServlet]FrameworkServlet 'springMvc': initialization completed in 588 ms
[INFO][2014-11-23 15:51:13,192][org.springframework.web.context.ContextLoader]Root WebApplicationContext: initialization started
[INFO][2014-11-23 15:51:13,382][org.springframework.web.context.support.XmlWebApplicationContext]Refreshing Root WebApplicationContext: startup date [Sun Nov 23 15:51:13 CST 2014]; root of context hierarchy
[INFO][2014-11-23 15:51:13,444][org.springframework.beans.factory.xml.XmlBeanDefinitionReader]Loading XML bean definitions from class path resource [spring.xml]
[INFO][2014-11-23 15:51:13,676][org.springframework.beans.factory.xml.XmlBeanDefinitionReader]Loading XML bean definitions from class path resource [spring-hibernate.xml]
[INFO][2014-11-23 15:51:13,995][org.springframework.beans.factory.config.PropertyPlaceholderConfigurer]Loading properties file from class path resource [config.properties]
[ERROR][2014-11-23 15:51:14,200][com.alibaba.druid.pool.DruidAbstractDataSource]maxIdle is deprecated
[INFO][2014-11-23 15:51:14,375][com.alibaba.druid.pool.DruidDataSource]{dataSource-1} inited
[INFO][2014-11-23 15:51:15,108][org.hibernate.annotations.common.Version]HCANN000001: Hibernate Commons Annotations {4.0.4.Final}
[INFO][2014-11-23 15:51:15,119][org.hibernate.Version]HHH000412: Hibernate Core {4.3.4.Final}
[INFO][2014-11-23 15:51:15,122][org.hibernate.cfg.Environment]HHH000206: hibernate.properties not found
[INFO][2014-11-23 15:51:15,124][org.hibernate.cfg.Environment]HHH000021: Bytecode provider name : javassist
[INFO][2014-11-23 15:51:16,070][org.hibernate.dialect.Dialect]HHH000400: Using dialect: org.hibernate.dialect.MySQLDialect
[INFO][2014-11-23 15:51:16,210][org.hibernate.engine.transaction.internal.TransactionFactoryInitiator]HHH000399: Using default transaction strategy (direct JDBC transactions)
[INFO][2014-11-23 15:51:16,224][org.hibernate.hql.internal.ast.ASTQueryTranslatorFactory]HHH000397: Using ASTQueryTranslatorFactory
[INFO][2014-11-23 15:51:16,447][org.hibernate.tool.hbm2ddl.SchemaUpdate]HHH000228: Running hbm2ddl schema update
[INFO][2014-11-23 15:51:16,447][org.hibernate.tool.hbm2ddl.SchemaUpdate]HHH000102: Fetching database metadata
[INFO][2014-11-23 15:51:16,453][org.hibernate.tool.hbm2ddl.SchemaUpdate]HHH000396: Updating schema
[INFO][2014-11-23 15:51:16,454][org.hibernate.tool.hbm2ddl.SchemaUpdate]HHH000232: Schema update complete
[INFO][2014-11-23 15:51:16,537][org.springframework.orm.hibernate4.HibernateTransactionManager]Using DataSource [{
	CreateTime:"2014-11-23 15:51:14",
	ActiveCount:0,
	PoolingCount:1,
	CreateCount:1,
	DestroyCount:0,
	CloseCount:2,
	ConnectCount:2,
	Connections:[
		{ID:3610918, ConnectTime:"2014-11-23 15:51:16", UseCount:2, LastActiveTime:"2014-11-23 15:51:16"}
	]
}] of Hibernate SessionFactory for HibernateTransactionManager
[INFO][2014-11-23 15:51:16,565][org.springframework.web.context.ContextLoader]Root WebApplicationContext: initialization completed in 3372 ms
[INFO][2014-11-23 15:51:16,636][org.springframework.web.servlet.DispatcherServlet]FrameworkServlet 'springMvc': initialization started
[INFO][2014-11-23 15:51:16,639][org.springframework.web.context.support.XmlWebApplicationContext]Refreshing WebApplicationContext for namespace 'springMvc-servlet': startup date [Sun Nov 23 15:51:16 CST 2014]; parent: Root WebApplicationContext
[INFO][2014-11-23 15:51:16,640][org.springframework.beans.factory.xml.XmlBeanDefinitionReader]Loading XML bean definitions from class path resource [spring-mvc.xml]
[INFO][2014-11-23 15:51:17,563][org.springframework.web.servlet.mvc.annotation.DefaultAnnotationHandlerMapping]Mapped URL path [//] onto handler 'mobileController'
[INFO][2014-11-23 15:51:17,621][org.springframework.web.servlet.DispatcherServlet]FrameworkServlet 'springMvc': initialization completed in 985 ms
[INFO][2014-11-23 15:52:08,177][org.springframework.web.context.ContextLoader]Root WebApplicationContext: initialization started
[INFO][2014-11-23 15:52:08,309][org.springframework.web.context.support.XmlWebApplicationContext]Refreshing Root WebApplicationContext: startup date [Sun Nov 23 15:52:08 CST 2014]; root of context hierarchy
[INFO][2014-11-23 15:52:08,359][org.springframework.beans.factory.xml.XmlBeanDefinitionReader]Loading XML bean definitions from class path resource [spring.xml]
[INFO][2014-11-23 15:52:08,595][org.springframework.beans.factory.xml.XmlBeanDefinitionReader]Loading XML bean definitions from class path resource [spring-hibernate.xml]
[INFO][2014-11-23 15:52:08,869][org.springframework.beans.factory.config.PropertyPlaceholderConfigurer]Loading properties file from class path resource [config.properties]
[ERROR][2014-11-23 15:52:09,077][com.alibaba.druid.pool.DruidAbstractDataSource]maxIdle is deprecated
[INFO][2014-11-23 15:52:09,231][com.alibaba.druid.pool.DruidDataSource]{dataSource-1} inited
[INFO][2014-11-23 15:52:09,795][org.hibernate.annotations.common.Version]HCANN000001: Hibernate Commons Annotations {4.0.4.Final}
[INFO][2014-11-23 15:52:09,804][org.hibernate.Version]HHH000412: Hibernate Core {4.3.4.Final}
[INFO][2014-11-23 15:52:09,807][org.hibernate.cfg.Environment]HHH000206: hibernate.properties not found
[INFO][2014-11-23 15:52:09,809][org.hibernate.cfg.Environment]HHH000021: Bytecode provider name : javassist
[INFO][2014-11-23 15:52:10,546][org.hibernate.dialect.Dialect]HHH000400: Using dialect: org.hibernate.dialect.MySQLDialect
[INFO][2014-11-23 15:52:10,629][org.hibernate.engine.transaction.internal.TransactionFactoryInitiator]HHH000399: Using default transaction strategy (direct JDBC transactions)
[INFO][2014-11-23 15:52:10,637][org.hibernate.hql.internal.ast.ASTQueryTranslatorFactory]HHH000397: Using ASTQueryTranslatorFactory
[INFO][2014-11-23 15:52:10,842][org.hibernate.tool.hbm2ddl.SchemaUpdate]HHH000228: Running hbm2ddl schema update
[INFO][2014-11-23 15:52:10,842][org.hibernate.tool.hbm2ddl.SchemaUpdate]HHH000102: Fetching database metadata
[INFO][2014-11-23 15:52:10,847][org.hibernate.tool.hbm2ddl.SchemaUpdate]HHH000396: Updating schema
[INFO][2014-11-23 15:52:10,848][org.hibernate.tool.hbm2ddl.SchemaUpdate]HHH000232: Schema update complete
[INFO][2014-11-23 15:52:10,938][org.springframework.orm.hibernate4.HibernateTransactionManager]Using DataSource [{
	CreateTime:"2014-11-23 15:52:08",
	ActiveCount:0,
	PoolingCount:1,
	CreateCount:1,
	DestroyCount:0,
	CloseCount:2,
	ConnectCount:2,
	Connections:[
		{ID:8236157, ConnectTime:"2014-11-23 15:52:10", UseCount:2, LastActiveTime:"2014-11-23 15:52:10"}
	]
}] of Hibernate SessionFactory for HibernateTransactionManager
[INFO][2014-11-23 15:52:10,975][org.springframework.web.context.ContextLoader]Root WebApplicationContext: initialization completed in 2797 ms
[INFO][2014-11-23 15:52:11,049][org.springframework.web.servlet.DispatcherServlet]FrameworkServlet 'springMvc': initialization started
[INFO][2014-11-23 15:52:11,054][org.springframework.web.context.support.XmlWebApplicationContext]Refreshing WebApplicationContext for namespace 'springMvc-servlet': startup date [Sun Nov 23 15:52:11 CST 2014]; parent: Root WebApplicationContext
[INFO][2014-11-23 15:52:11,055][org.springframework.beans.factory.xml.XmlBeanDefinitionReader]Loading XML bean definitions from class path resource [spring-mvc.xml]
[INFO][2014-11-23 15:52:11,909][org.springframework.web.servlet.mvc.annotation.DefaultAnnotationHandlerMapping]Mapped URL path [/basic/] onto handler 'mobileController'
[INFO][2014-11-23 15:52:11,961][org.springframework.web.servlet.DispatcherServlet]FrameworkServlet 'springMvc': initialization completed in 911 ms
[INFO][2014-11-23 15:54:23,192][org.springframework.web.context.ContextLoader]Root WebApplicationContext: initialization started
[INFO][2014-11-23 15:54:23,325][org.springframework.web.context.support.XmlWebApplicationContext]Refreshing Root WebApplicationContext: startup date [Sun Nov 23 15:54:23 CST 2014]; root of context hierarchy
[INFO][2014-11-23 15:54:23,374][org.springframework.beans.factory.xml.XmlBeanDefinitionReader]Loading XML bean definitions from class path resource [spring.xml]
[INFO][2014-11-23 15:54:23,580][org.springframework.beans.factory.xml.XmlBeanDefinitionReader]Loading XML bean definitions from class path resource [spring-hibernate.xml]
[INFO][2014-11-23 15:54:23,863][org.springframework.beans.factory.config.PropertyPlaceholderConfigurer]Loading properties file from class path resource [config.properties]
[ERROR][2014-11-23 15:54:24,057][com.alibaba.druid.pool.DruidAbstractDataSource]maxIdle is deprecated
[INFO][2014-11-23 15:54:24,186][com.alibaba.druid.pool.DruidDataSource]{dataSource-1} inited
[INFO][2014-11-23 15:54:24,781][org.hibernate.annotations.common.Version]HCANN000001: Hibernate Commons Annotations {4.0.4.Final}
[INFO][2014-11-23 15:54:24,792][org.hibernate.Version]HHH000412: Hibernate Core {4.3.4.Final}
[INFO][2014-11-23 15:54:24,795][org.hibernate.cfg.Environment]HHH000206: hibernate.properties not found
[INFO][2014-11-23 15:54:24,797][org.hibernate.cfg.Environment]HHH000021: Bytecode provider name : javassist
[INFO][2014-11-23 15:54:25,402][org.hibernate.dialect.Dialect]HHH000400: Using dialect: org.hibernate.dialect.MySQLDialect
[INFO][2014-11-23 15:54:25,490][org.hibernate.engine.transaction.internal.TransactionFactoryInitiator]HHH000399: Using default transaction strategy (direct JDBC transactions)
[INFO][2014-11-23 15:54:25,497][org.hibernate.hql.internal.ast.ASTQueryTranslatorFactory]HHH000397: Using ASTQueryTranslatorFactory
[INFO][2014-11-23 15:54:25,664][org.hibernate.tool.hbm2ddl.SchemaUpdate]HHH000228: Running hbm2ddl schema update
[INFO][2014-11-23 15:54:25,664][org.hibernate.tool.hbm2ddl.SchemaUpdate]HHH000102: Fetching database metadata
[INFO][2014-11-23 15:54:25,670][org.hibernate.tool.hbm2ddl.SchemaUpdate]HHH000396: Updating schema
[INFO][2014-11-23 15:54:25,671][org.hibernate.tool.hbm2ddl.SchemaUpdate]HHH000232: Schema update complete
[INFO][2014-11-23 15:54:25,755][org.springframework.orm.hibernate4.HibernateTransactionManager]Using DataSource [{
	CreateTime:"2014-11-23 15:54:23",
	ActiveCount:0,
	PoolingCount:1,
	CreateCount:1,
	DestroyCount:0,
	CloseCount:2,
	ConnectCount:2,
	Connections:[
		{ID:13071106, ConnectTime:"2014-11-23 15:54:25", UseCount:2, LastActiveTime:"2014-11-23 15:54:25"}
	]
}] of Hibernate SessionFactory for HibernateTransactionManager
[INFO][2014-11-23 15:54:25,784][org.springframework.web.context.ContextLoader]Root WebApplicationContext: initialization completed in 2590 ms
[INFO][2014-11-23 15:54:25,848][org.springframework.web.servlet.DispatcherServlet]FrameworkServlet 'springMvc': initialization started
[INFO][2014-11-23 15:54:25,852][org.springframework.web.context.support.XmlWebApplicationContext]Refreshing WebApplicationContext for namespace 'springMvc-servlet': startup date [Sun Nov 23 15:54:25 CST 2014]; parent: Root WebApplicationContext
[INFO][2014-11-23 15:54:25,852][org.springframework.beans.factory.xml.XmlBeanDefinitionReader]Loading XML bean definitions from class path resource [spring-mvc.xml]
[INFO][2014-11-23 15:54:26,552][org.springframework.web.servlet.mvc.annotation.DefaultAnnotationHandlerMapping]Mapped URL path [/basic/basic] onto handler 'mobileController'
[INFO][2014-11-23 15:54:26,552][org.springframework.web.servlet.mvc.annotation.DefaultAnnotationHandlerMapping]Mapped URL path [/basic/basic.*] onto handler 'mobileController'
[INFO][2014-11-23 15:54:26,552][org.springframework.web.servlet.mvc.annotation.DefaultAnnotationHandlerMapping]Mapped URL path [/basic/basic/] onto handler 'mobileController'
[INFO][2014-11-23 15:54:26,605][org.springframework.web.servlet.DispatcherServlet]FrameworkServlet 'springMvc': initialization completed in 757 ms
[INFO][2014-11-23 15:58:12,928][org.springframework.web.context.ContextLoader]Root WebApplicationContext: initialization started
[INFO][2014-11-23 15:58:13,093][org.springframework.web.context.support.XmlWebApplicationContext]Refreshing Root WebApplicationContext: startup date [Sun Nov 23 15:58:13 CST 2014]; root of context hierarchy
[INFO][2014-11-23 15:58:13,153][org.springframework.beans.factory.xml.XmlBeanDefinitionReader]Loading XML bean definitions from class path resource [spring.xml]
[INFO][2014-11-23 15:58:13,353][org.springframework.beans.factory.xml.XmlBeanDefinitionReader]Loading XML bean definitions from class path resource [spring-hibernate.xml]
[INFO][2014-11-23 15:58:13,618][org.springframework.beans.factory.config.PropertyPlaceholderConfigurer]Loading properties file from class path resource [config.properties]
[ERROR][2014-11-23 15:58:13,798][com.alibaba.druid.pool.DruidAbstractDataSource]maxIdle is deprecated
[INFO][2014-11-23 15:58:13,964][com.alibaba.druid.pool.DruidDataSource]{dataSource-1} inited
[INFO][2014-11-23 15:58:14,530][org.hibernate.annotations.common.Version]HCANN000001: Hibernate Commons Annotations {4.0.4.Final}
[INFO][2014-11-23 15:58:14,541][org.hibernate.Version]HHH000412: Hibernate Core {4.3.4.Final}
[INFO][2014-11-23 15:58:14,543][org.hibernate.cfg.Environment]HHH000206: hibernate.properties not found
[INFO][2014-11-23 15:58:14,546][org.hibernate.cfg.Environment]HHH000021: Bytecode provider name : javassist
[INFO][2014-11-23 15:58:15,079][org.hibernate.dialect.Dialect]HHH000400: Using dialect: org.hibernate.dialect.MySQLDialect
[INFO][2014-11-23 15:58:15,165][org.hibernate.engine.transaction.internal.TransactionFactoryInitiator]HHH000399: Using default transaction strategy (direct JDBC transactions)
[INFO][2014-11-23 15:58:15,173][org.hibernate.hql.internal.ast.ASTQueryTranslatorFactory]HHH000397: Using ASTQueryTranslatorFactory
[INFO][2014-11-23 15:58:15,338][org.hibernate.tool.hbm2ddl.SchemaUpdate]HHH000228: Running hbm2ddl schema update
[INFO][2014-11-23 15:58:15,338][org.hibernate.tool.hbm2ddl.SchemaUpdate]HHH000102: Fetching database metadata
[INFO][2014-11-23 15:58:15,342][org.hibernate.tool.hbm2ddl.SchemaUpdate]HHH000396: Updating schema
[INFO][2014-11-23 15:58:15,343][org.hibernate.tool.hbm2ddl.SchemaUpdate]HHH000232: Schema update complete
[INFO][2014-11-23 15:58:15,421][org.springframework.orm.hibernate4.HibernateTransactionManager]Using DataSource [{
	CreateTime:"2014-11-23 15:58:13",
	ActiveCount:0,
	PoolingCount:1,
	CreateCount:1,
	DestroyCount:0,
	CloseCount:2,
	ConnectCount:2,
	Connections:[
		{ID:18466472, ConnectTime:"2014-11-23 15:58:15", UseCount:2, LastActiveTime:"2014-11-23 15:58:15"}
	]
}] of Hibernate SessionFactory for HibernateTransactionManager
[INFO][2014-11-23 15:58:15,450][org.springframework.web.context.ContextLoader]Root WebApplicationContext: initialization completed in 2521 ms
[INFO][2014-11-23 15:58:15,514][org.springframework.web.servlet.DispatcherServlet]FrameworkServlet 'springMvc': initialization started
[INFO][2014-11-23 15:58:15,517][org.springframework.web.context.support.XmlWebApplicationContext]Refreshing WebApplicationContext for namespace 'springMvc-servlet': startup date [Sun Nov 23 15:58:15 CST 2014]; parent: Root WebApplicationContext
[INFO][2014-11-23 15:58:15,518][org.springframework.beans.factory.xml.XmlBeanDefinitionReader]Loading XML bean definitions from class path resource [spring-mvc.xml]
[INFO][2014-11-23 15:58:16,209][org.springframework.web.servlet.mvc.annotation.DefaultAnnotationHandlerMapping]Mapped URL path [/basic/basic] onto handler 'mobileController'
[INFO][2014-11-23 15:58:16,209][org.springframework.web.servlet.mvc.annotation.DefaultAnnotationHandlerMapping]Mapped URL path [/basic/basic.*] onto handler 'mobileController'
[INFO][2014-11-23 15:58:16,209][org.springframework.web.servlet.mvc.annotation.DefaultAnnotationHandlerMapping]Mapped URL path [/basic/basic/] onto handler 'mobileController'
[INFO][2014-11-23 15:58:16,258][org.springframework.web.servlet.DispatcherServlet]FrameworkServlet 'springMvc': initialization completed in 744 ms
[WARN][2014-11-23 15:58:48,760][org.springframework.web.servlet.PageNotFound]No mapping found for HTTP request with URI [/bfmanage/] in DispatcherServlet with name 'springMvc'
[WARN][2014-11-23 15:58:56,787][org.springframework.web.servlet.PageNotFound]No mapping found for HTTP request with URI [/bfmanage/] in DispatcherServlet with name 'springMvc'
[WARN][2014-11-23 15:59:01,517][org.springframework.web.servlet.PageNotFound]No mapping found for HTTP request with URI [/bfmanage/] in DispatcherServlet with name 'springMvc'
[INFO][2014-11-23 15:59:47,573][org.springframework.web.context.ContextLoader]Root WebApplicationContext: initialization started
[INFO][2014-11-23 15:59:47,708][org.springframework.web.context.support.XmlWebApplicationContext]Refreshing Root WebApplicationContext: startup date [Sun Nov 23 15:59:47 CST 2014]; root of context hierarchy
[INFO][2014-11-23 15:59:47,758][org.springframework.beans.factory.xml.XmlBeanDefinitionReader]Loading XML bean definitions from class path resource [spring.xml]
[INFO][2014-11-23 15:59:47,968][org.springframework.beans.factory.xml.XmlBeanDefinitionReader]Loading XML bean definitions from class path resource [spring-hibernate.xml]
[INFO][2014-11-23 15:59:48,224][org.springframework.beans.factory.config.PropertyPlaceholderConfigurer]Loading properties file from class path resource [config.properties]
[ERROR][2014-11-23 15:59:48,404][com.alibaba.druid.pool.DruidAbstractDataSource]maxIdle is deprecated
[INFO][2014-11-23 15:59:48,548][com.alibaba.druid.pool.DruidDataSource]{dataSource-1} inited
[INFO][2014-11-23 15:59:49,132][org.hibernate.annotations.common.Version]HCANN000001: Hibernate Commons Annotations {4.0.4.Final}
[INFO][2014-11-23 15:59:49,149][org.hibernate.Version]HHH000412: Hibernate Core {4.3.4.Final}
[INFO][2014-11-23 15:59:49,152][org.hibernate.cfg.Environment]HHH000206: hibernate.properties not found
[INFO][2014-11-23 15:59:49,154][org.hibernate.cfg.Environment]HHH000021: Bytecode provider name : javassist
[INFO][2014-11-23 15:59:49,658][org.hibernate.dialect.Dialect]HHH000400: Using dialect: org.hibernate.dialect.MySQLDialect
[INFO][2014-11-23 15:59:49,742][org.hibernate.engine.transaction.internal.TransactionFactoryInitiator]HHH000399: Using default transaction strategy (direct JDBC transactions)
[INFO][2014-11-23 15:59:49,748][org.hibernate.hql.internal.ast.ASTQueryTranslatorFactory]HHH000397: Using ASTQueryTranslatorFactory
[INFO][2014-11-23 15:59:49,910][org.hibernate.tool.hbm2ddl.SchemaUpdate]HHH000228: Running hbm2ddl schema update
[INFO][2014-11-23 15:59:49,910][org.hibernate.tool.hbm2ddl.SchemaUpdate]HHH000102: Fetching database metadata
[INFO][2014-11-23 15:59:49,914][org.hibernate.tool.hbm2ddl.SchemaUpdate]HHH000396: Updating schema
[INFO][2014-11-23 15:59:49,915][org.hibernate.tool.hbm2ddl.SchemaUpdate]HHH000232: Schema update complete
[INFO][2014-11-23 15:59:49,995][org.springframework.orm.hibernate4.HibernateTransactionManager]Using DataSource [{
	CreateTime:"2014-11-23 15:59:48",
	ActiveCount:0,
	PoolingCount:1,
	CreateCount:1,
	DestroyCount:0,
	CloseCount:2,
	ConnectCount:2,
	Connections:[
		{ID:18466472, ConnectTime:"2014-11-23 15:59:49", UseCount:2, LastActiveTime:"2014-11-23 15:59:49"}
	]
}] of Hibernate SessionFactory for HibernateTransactionManager
[INFO][2014-11-23 15:59:50,027][org.springframework.web.context.ContextLoader]Root WebApplicationContext: initialization completed in 2453 ms
[INFO][2014-11-23 15:59:50,096][org.springframework.web.servlet.DispatcherServlet]FrameworkServlet 'springMvc': initialization started
[INFO][2014-11-23 15:59:50,100][org.springframework.web.context.support.XmlWebApplicationContext]Refreshing WebApplicationContext for namespace 'springMvc-servlet': startup date [Sun Nov 23 15:59:50 CST 2014]; parent: Root WebApplicationContext
[INFO][2014-11-23 15:59:50,100][org.springframework.beans.factory.xml.XmlBeanDefinitionReader]Loading XML bean definitions from class path resource [spring-mvc.xml]
[INFO][2014-11-23 15:59:50,776][org.springframework.web.servlet.mvc.annotation.DefaultAnnotationHandlerMapping]Mapped URL path [/basic/basic] onto handler 'mobileController'
[INFO][2014-11-23 15:59:50,776][org.springframework.web.servlet.mvc.annotation.DefaultAnnotationHandlerMapping]Mapped URL path [/basic/basic.*] onto handler 'mobileController'
[INFO][2014-11-23 15:59:50,776][org.springframework.web.servlet.mvc.annotation.DefaultAnnotationHandlerMapping]Mapped URL path [/basic/basic/] onto handler 'mobileController'
[INFO][2014-11-23 15:59:50,826][org.springframework.web.servlet.DispatcherServlet]FrameworkServlet 'springMvc': initialization completed in 730 ms
[WARN][2014-11-23 15:59:55,616][org.springframework.web.servlet.PageNotFound]No mapping found for HTTP request with URI [/bfmanage/] in DispatcherServlet with name 'springMvc'
[WARN][2014-11-23 15:59:57,761][org.springframework.web.servlet.PageNotFound]No mapping found for HTTP request with URI [/bfmanage/] in DispatcherServlet with name 'springMvc'
[WARN][2014-11-23 16:00:47,446][org.springframework.web.servlet.PageNotFound]No mapping found for HTTP request with URI [/bfmanage/] in DispatcherServlet with name 'springMvc'
[INFO][2014-11-23 16:01:16,587][org.springframework.web.context.ContextLoader]Root WebApplicationContext: initialization started
[INFO][2014-11-23 16:01:16,720][org.springframework.web.context.support.XmlWebApplicationContext]Refreshing Root WebApplicationContext: startup date [Sun Nov 23 16:01:16 CST 2014]; root of context hierarchy
[INFO][2014-11-23 16:01:16,769][org.springframework.beans.factory.xml.XmlBeanDefinitionReader]Loading XML bean definitions from class path resource [spring.xml]
[INFO][2014-11-23 16:01:16,985][org.springframework.beans.factory.xml.XmlBeanDefinitionReader]Loading XML bean definitions from class path resource [spring-hibernate.xml]
[INFO][2014-11-23 16:01:17,295][org.springframework.beans.factory.config.PropertyPlaceholderConfigurer]Loading properties file from class path resource [config.properties]
[ERROR][2014-11-23 16:01:17,470][com.alibaba.druid.pool.DruidAbstractDataSource]maxIdle is deprecated
[INFO][2014-11-23 16:01:17,605][com.alibaba.druid.pool.DruidDataSource]{dataSource-1} inited
[INFO][2014-11-23 16:01:18,223][org.hibernate.annotations.common.Version]HCANN000001: Hibernate Commons Annotations {4.0.4.Final}
[INFO][2014-11-23 16:01:18,233][org.hibernate.Version]HHH000412: Hibernate Core {4.3.4.Final}
[INFO][2014-11-23 16:01:18,236][org.hibernate.cfg.Environment]HHH000206: hibernate.properties not found
[INFO][2014-11-23 16:01:18,238][org.hibernate.cfg.Environment]HHH000021: Bytecode provider name : javassist
[INFO][2014-11-23 16:01:18,737][org.hibernate.dialect.Dialect]HHH000400: Using dialect: org.hibernate.dialect.MySQLDialect
[INFO][2014-11-23 16:01:18,820][org.hibernate.engine.transaction.internal.TransactionFactoryInitiator]HHH000399: Using default transaction strategy (direct JDBC transactions)
[INFO][2014-11-23 16:01:18,827][org.hibernate.hql.internal.ast.ASTQueryTranslatorFactory]HHH000397: Using ASTQueryTranslatorFactory
[INFO][2014-11-23 16:01:19,011][org.hibernate.tool.hbm2ddl.SchemaUpdate]HHH000228: Running hbm2ddl schema update
[INFO][2014-11-23 16:01:19,011][org.hibernate.tool.hbm2ddl.SchemaUpdate]HHH000102: Fetching database metadata
[INFO][2014-11-23 16:01:19,018][org.hibernate.tool.hbm2ddl.SchemaUpdate]HHH000396: Updating schema
[INFO][2014-11-23 16:01:19,020][org.hibernate.tool.hbm2ddl.SchemaUpdate]HHH000232: Schema update complete
[INFO][2014-11-23 16:01:19,136][org.springframework.orm.hibernate4.HibernateTransactionManager]Using DataSource [{
	CreateTime:"2014-11-23 16:01:17",
	ActiveCount:0,
	PoolingCount:1,
	CreateCount:1,
	DestroyCount:0,
	CloseCount:2,
	ConnectCount:2,
	Connections:[
		{ID:21057682, ConnectTime:"2014-11-23 16:01:18", UseCount:2, LastActiveTime:"2014-11-23 16:01:19"}
	]
}] of Hibernate SessionFactory for HibernateTransactionManager
[INFO][2014-11-23 16:01:19,169][org.springframework.web.context.ContextLoader]Root WebApplicationContext: initialization completed in 2581 ms
[INFO][2014-11-23 16:01:19,248][org.springframework.web.servlet.DispatcherServlet]FrameworkServlet 'springMvc': initialization started
[INFO][2014-11-23 16:01:19,253][org.springframework.web.context.support.XmlWebApplicationContext]Refreshing WebApplicationContext for namespace 'springMvc-servlet': startup date [Sun Nov 23 16:01:19 CST 2014]; parent: Root WebApplicationContext
[INFO][2014-11-23 16:01:19,254][org.springframework.beans.factory.xml.XmlBeanDefinitionReader]Loading XML bean definitions from class path resource [spring-mvc.xml]
[INFO][2014-11-23 16:01:20,039][org.springframework.web.servlet.mvc.annotation.DefaultAnnotationHandlerMapping]Mapped URL path [//] onto handler 'mobileController'
[INFO][2014-11-23 16:01:20,087][org.springframework.web.servlet.DispatcherServlet]FrameworkServlet 'springMvc': initialization completed in 839 ms
[INFO][2014-11-23 16:01:58,920][org.springframework.web.context.ContextLoader]Root WebApplicationContext: initialization started
[INFO][2014-11-23 16:01:59,075][org.springframework.web.context.support.XmlWebApplicationContext]Refreshing Root WebApplicationContext: startup date [Sun Nov 23 16:01:59 CST 2014]; root of context hierarchy
[INFO][2014-11-23 16:01:59,132][org.springframework.beans.factory.xml.XmlBeanDefinitionReader]Loading XML bean definitions from class path resource [spring.xml]
[INFO][2014-11-23 16:01:59,346][org.springframework.beans.factory.xml.XmlBeanDefinitionReader]Loading XML bean definitions from class path resource [spring-hibernate.xml]
[INFO][2014-11-23 16:01:59,626][org.springframework.beans.factory.config.PropertyPlaceholderConfigurer]Loading properties file from class path resource [config.properties]
[ERROR][2014-11-23 16:01:59,799][com.alibaba.druid.pool.DruidAbstractDataSource]maxIdle is deprecated
[INFO][2014-11-23 16:01:59,927][com.alibaba.druid.pool.DruidDataSource]{dataSource-1} inited
[INFO][2014-11-23 16:02:00,496][org.hibernate.annotations.common.Version]HCANN000001: Hibernate Commons Annotations {4.0.4.Final}
[INFO][2014-11-23 16:02:00,507][org.hibernate.Version]HHH000412: Hibernate Core {4.3.4.Final}
[INFO][2014-11-23 16:02:00,510][org.hibernate.cfg.Environment]HHH000206: hibernate.properties not found
[INFO][2014-11-23 16:02:00,512][org.hibernate.cfg.Environment]HHH000021: Bytecode provider name : javassist
[INFO][2014-11-23 16:02:01,020][org.hibernate.dialect.Dialect]HHH000400: Using dialect: org.hibernate.dialect.MySQLDialect
[INFO][2014-11-23 16:02:01,110][org.hibernate.engine.transaction.internal.TransactionFactoryInitiator]HHH000399: Using default transaction strategy (direct JDBC transactions)
[INFO][2014-11-23 16:02:01,118][org.hibernate.hql.internal.ast.ASTQueryTranslatorFactory]HHH000397: Using ASTQueryTranslatorFactory
[INFO][2014-11-23 16:02:01,304][org.hibernate.tool.hbm2ddl.SchemaUpdate]HHH000228: Running hbm2ddl schema update
[INFO][2014-11-23 16:02:01,304][org.hibernate.tool.hbm2ddl.SchemaUpdate]HHH000102: Fetching database metadata
[INFO][2014-11-23 16:02:01,309][org.hibernate.tool.hbm2ddl.SchemaUpdate]HHH000396: Updating schema
[INFO][2014-11-23 16:02:01,310][org.hibernate.tool.hbm2ddl.SchemaUpdate]HHH000232: Schema update complete
[INFO][2014-11-23 16:02:01,389][org.springframework.orm.hibernate4.HibernateTransactionManager]Using DataSource [{
	CreateTime:"2014-11-23 16:01:59",
	ActiveCount:0,
	PoolingCount:1,
	CreateCount:1,
	DestroyCount:0,
	CloseCount:2,
	ConnectCount:2,
	Connections:[
		{ID:18466472, ConnectTime:"2014-11-23 16:02:00", UseCount:2, LastActiveTime:"2014-11-23 16:02:01"}
	]
}] of Hibernate SessionFactory for HibernateTransactionManager
[INFO][2014-11-23 16:02:01,418][org.springframework.web.context.ContextLoader]Root WebApplicationContext: initialization completed in 2497 ms
[INFO][2014-11-23 16:02:01,482][org.springframework.web.servlet.DispatcherServlet]FrameworkServlet 'springMvc': initialization started
[INFO][2014-11-23 16:02:01,485][org.springframework.web.context.support.XmlWebApplicationContext]Refreshing WebApplicationContext for namespace 'springMvc-servlet': startup date [Sun Nov 23 16:02:01 CST 2014]; parent: Root WebApplicationContext
[INFO][2014-11-23 16:02:01,486][org.springframework.beans.factory.xml.XmlBeanDefinitionReader]Loading XML bean definitions from class path resource [spring-mvc.xml]
[INFO][2014-11-23 16:02:02,176][org.springframework.web.servlet.mvc.annotation.DefaultAnnotationHandlerMapping]Mapped URL path [//] onto handler 'mobileController'
[INFO][2014-11-23 16:02:02,223][org.springframework.web.servlet.DispatcherServlet]FrameworkServlet 'springMvc': initialization completed in 741 ms
[INFO][2014-11-23 16:02:34,524][org.springframework.web.context.ContextLoader]Root WebApplicationContext: initialization started
[INFO][2014-11-23 16:02:34,661][org.springframework.web.context.support.XmlWebApplicationContext]Refreshing Root WebApplicationContext: startup date [Sun Nov 23 16:02:34 CST 2014]; root of context hierarchy
[INFO][2014-11-23 16:02:34,711][org.springframework.beans.factory.xml.XmlBeanDefinitionReader]Loading XML bean definitions from class path resource [spring.xml]
[INFO][2014-11-23 16:02:34,942][org.springframework.beans.factory.xml.XmlBeanDefinitionReader]Loading XML bean definitions from class path resource [spring-hibernate.xml]
[INFO][2014-11-23 16:02:35,219][org.springframework.beans.factory.config.PropertyPlaceholderConfigurer]Loading properties file from class path resource [config.properties]
[ERROR][2014-11-23 16:02:35,400][com.alibaba.druid.pool.DruidAbstractDataSource]maxIdle is deprecated
[INFO][2014-11-23 16:02:35,568][com.alibaba.druid.pool.DruidDataSource]{dataSource-1} inited
[INFO][2014-11-23 16:02:36,144][org.hibernate.annotations.common.Version]HCANN000001: Hibernate Commons Annotations {4.0.4.Final}
[INFO][2014-11-23 16:02:36,156][org.hibernate.Version]HHH000412: Hibernate Core {4.3.4.Final}
[INFO][2014-11-23 16:02:36,159][org.hibernate.cfg.Environment]HHH000206: hibernate.properties not found
[INFO][2014-11-23 16:02:36,161][org.hibernate.cfg.Environment]HHH000021: Bytecode provider name : javassist
[INFO][2014-11-23 16:02:36,732][org.hibernate.dialect.Dialect]HHH000400: Using dialect: org.hibernate.dialect.MySQLDialect
[INFO][2014-11-23 16:02:36,834][org.hibernate.engine.transaction.internal.TransactionFactoryInitiator]HHH000399: Using default transaction strategy (direct JDBC transactions)
[INFO][2014-11-23 16:02:36,842][org.hibernate.hql.internal.ast.ASTQueryTranslatorFactory]HHH000397: Using ASTQueryTranslatorFactory
[INFO][2014-11-23 16:02:37,019][org.hibernate.tool.hbm2ddl.SchemaUpdate]HHH000228: Running hbm2ddl schema update
[INFO][2014-11-23 16:02:37,019][org.hibernate.tool.hbm2ddl.SchemaUpdate]HHH000102: Fetching database metadata
[INFO][2014-11-23 16:02:37,023][org.hibernate.tool.hbm2ddl.SchemaUpdate]HHH000396: Updating schema
[INFO][2014-11-23 16:02:37,025][org.hibernate.tool.hbm2ddl.SchemaUpdate]HHH000232: Schema update complete
[INFO][2014-11-23 16:02:37,120][org.springframework.orm.hibernate4.HibernateTransactionManager]Using DataSource [{
	CreateTime:"2014-11-23 16:02:35",
	ActiveCount:0,
	PoolingCount:1,
	CreateCount:1,
	DestroyCount:0,
	CloseCount:2,
	ConnectCount:2,
	Connections:[
		{ID:31630851, ConnectTime:"2014-11-23 16:02:36", UseCount:2, LastActiveTime:"2014-11-23 16:02:37"}
	]
}] of Hibernate SessionFactory for HibernateTransactionManager
[INFO][2014-11-23 16:02:37,157][org.springframework.web.context.ContextLoader]Root WebApplicationContext: initialization completed in 2632 ms
[INFO][2014-11-23 16:02:37,236][org.springframework.web.servlet.DispatcherServlet]FrameworkServlet 'springMvc': initialization started
[INFO][2014-11-23 16:02:37,240][org.springframework.web.context.support.XmlWebApplicationContext]Refreshing WebApplicationContext for namespace 'springMvc-servlet': startup date [Sun Nov 23 16:02:37 CST 2014]; parent: Root WebApplicationContext
[INFO][2014-11-23 16:02:37,241][org.springframework.beans.factory.xml.XmlBeanDefinitionReader]Loading XML bean definitions from class path resource [spring-mvc.xml]
[INFO][2014-11-23 16:02:37,931][org.springframework.web.servlet.mvc.annotation.DefaultAnnotationHandlerMapping]Mapped URL path [//] onto handler 'mobileController'
[INFO][2014-11-23 16:02:37,984][org.springframework.web.servlet.DispatcherServlet]FrameworkServlet 'springMvc': initialization completed in 747 ms
[INFO][2014-11-23 16:03:16,202][org.springframework.web.context.ContextLoader]Root WebApplicationContext: initialization started
[INFO][2014-11-23 16:03:16,346][org.springframework.web.context.support.XmlWebApplicationContext]Refreshing Root WebApplicationContext: startup date [Sun Nov 23 16:03:16 CST 2014]; root of context hierarchy
[INFO][2014-11-23 16:03:16,405][org.springframework.beans.factory.xml.XmlBeanDefinitionReader]Loading XML bean definitions from class path resource [spring.xml]
[INFO][2014-11-23 16:03:16,627][org.springframework.beans.factory.xml.XmlBeanDefinitionReader]Loading XML bean definitions from class path resource [spring-hibernate.xml]
[INFO][2014-11-23 16:03:16,912][org.springframework.beans.factory.config.PropertyPlaceholderConfigurer]Loading properties file from class path resource [config.properties]
[ERROR][2014-11-23 16:03:17,104][com.alibaba.druid.pool.DruidAbstractDataSource]maxIdle is deprecated
[INFO][2014-11-23 16:03:17,253][com.alibaba.druid.pool.DruidDataSource]{dataSource-1} inited
[INFO][2014-11-23 16:03:17,812][org.hibernate.annotations.common.Version]HCANN000001: Hibernate Commons Annotations {4.0.4.Final}
[INFO][2014-11-23 16:03:17,822][org.hibernate.Version]HHH000412: Hibernate Core {4.3.4.Final}
[INFO][2014-11-23 16:03:17,824][org.hibernate.cfg.Environment]HHH000206: hibernate.properties not found
[INFO][2014-11-23 16:03:17,826][org.hibernate.cfg.Environment]HHH000021: Bytecode provider name : javassist
[INFO][2014-11-23 16:03:18,338][org.hibernate.dialect.Dialect]HHH000400: Using dialect: org.hibernate.dialect.MySQLDialect
[INFO][2014-11-23 16:03:18,424][org.hibernate.engine.transaction.internal.TransactionFactoryInitiator]HHH000399: Using default transaction strategy (direct JDBC transactions)
[INFO][2014-11-23 16:03:18,431][org.hibernate.hql.internal.ast.ASTQueryTranslatorFactory]HHH000397: Using ASTQueryTranslatorFactory
[INFO][2014-11-23 16:03:18,603][org.hibernate.tool.hbm2ddl.SchemaUpdate]HHH000228: Running hbm2ddl schema update
[INFO][2014-11-23 16:03:18,603][org.hibernate.tool.hbm2ddl.SchemaUpdate]HHH000102: Fetching database metadata
[INFO][2014-11-23 16:03:18,608][org.hibernate.tool.hbm2ddl.SchemaUpdate]HHH000396: Updating schema
[INFO][2014-11-23 16:03:18,609][org.hibernate.tool.hbm2ddl.SchemaUpdate]HHH000232: Schema update complete
[INFO][2014-11-23 16:03:18,695][org.springframework.orm.hibernate4.HibernateTransactionManager]Using DataSource [{
	CreateTime:"2014-11-23 16:03:17",
	ActiveCount:0,
	PoolingCount:1,
	CreateCount:1,
	DestroyCount:0,
	CloseCount:2,
	ConnectCount:2,
	Connections:[
		{ID:31630851, ConnectTime:"2014-11-23 16:03:18", UseCount:2, LastActiveTime:"2014-11-23 16:03:18"}
	]
}] of Hibernate SessionFactory for HibernateTransactionManager
[INFO][2014-11-23 16:03:18,724][org.springframework.web.context.ContextLoader]Root WebApplicationContext: initialization completed in 2521 ms
[INFO][2014-11-23 16:03:18,795][org.springframework.web.servlet.DispatcherServlet]FrameworkServlet 'springMvc': initialization started
[INFO][2014-11-23 16:03:18,799][org.springframework.web.context.support.XmlWebApplicationContext]Refreshing WebApplicationContext for namespace 'springMvc-servlet': startup date [Sun Nov 23 16:03:18 CST 2014]; parent: Root WebApplicationContext
[INFO][2014-11-23 16:03:18,800][org.springframework.beans.factory.xml.XmlBeanDefinitionReader]Loading XML bean definitions from class path resource [spring-mvc.xml]
[INFO][2014-11-23 16:03:19,492][org.springframework.web.servlet.mvc.annotation.DefaultAnnotationHandlerMapping]Mapped URL path [//] onto handler 'mobileController'
[INFO][2014-11-23 16:03:19,555][org.springframework.web.servlet.DispatcherServlet]FrameworkServlet 'springMvc': initialization completed in 760 ms
[INFO][2014-11-23 16:03:46,646][org.springframework.web.context.ContextLoader]Root WebApplicationContext: initialization started
[INFO][2014-11-23 16:03:46,792][org.springframework.web.context.support.XmlWebApplicationContext]Refreshing Root WebApplicationContext: startup date [Sun Nov 23 16:03:46 CST 2014]; root of context hierarchy
[INFO][2014-11-23 16:03:46,855][org.springframework.beans.factory.xml.XmlBeanDefinitionReader]Loading XML bean definitions from class path resource [spring.xml]
[INFO][2014-11-23 16:03:47,084][org.springframework.beans.factory.xml.XmlBeanDefinitionReader]Loading XML bean definitions from class path resource [spring-hibernate.xml]
[INFO][2014-11-23 16:03:47,403][org.springframework.beans.factory.config.PropertyPlaceholderConfigurer]Loading properties file from class path resource [config.properties]
[ERROR][2014-11-23 16:03:47,666][com.alibaba.druid.pool.DruidAbstractDataSource]maxIdle is deprecated
[INFO][2014-11-23 16:03:47,817][com.alibaba.druid.pool.DruidDataSource]{dataSource-1} inited
[INFO][2014-11-23 16:03:48,458][org.hibernate.annotations.common.Version]HCANN000001: Hibernate Commons Annotations {4.0.4.Final}
[INFO][2014-11-23 16:03:48,470][org.hibernate.Version]HHH000412: Hibernate Core {4.3.4.Final}
[INFO][2014-11-23 16:03:48,473][org.hibernate.cfg.Environment]HHH000206: hibernate.properties not found
[INFO][2014-11-23 16:03:48,475][org.hibernate.cfg.Environment]HHH000021: Bytecode provider name : javassist
[INFO][2014-11-23 16:03:48,988][org.hibernate.dialect.Dialect]HHH000400: Using dialect: org.hibernate.dialect.MySQLDialect
[INFO][2014-11-23 16:03:49,073][org.hibernate.engine.transaction.internal.TransactionFactoryInitiator]HHH000399: Using default transaction strategy (direct JDBC transactions)
[INFO][2014-11-23 16:03:49,080][org.hibernate.hql.internal.ast.ASTQueryTranslatorFactory]HHH000397: Using ASTQueryTranslatorFactory
[INFO][2014-11-23 16:03:49,252][org.hibernate.tool.hbm2ddl.SchemaUpdate]HHH000228: Running hbm2ddl schema update
[INFO][2014-11-23 16:03:49,252][org.hibernate.tool.hbm2ddl.SchemaUpdate]HHH000102: Fetching database metadata
[INFO][2014-11-23 16:03:49,257][org.hibernate.tool.hbm2ddl.SchemaUpdate]HHH000396: Updating schema
[INFO][2014-11-23 16:03:49,258][org.hibernate.tool.hbm2ddl.SchemaUpdate]HHH000232: Schema update complete
[INFO][2014-11-23 16:03:49,341][org.springframework.orm.hibernate4.HibernateTransactionManager]Using DataSource [{
	CreateTime:"2014-11-23 16:03:47",
	ActiveCount:0,
	PoolingCount:1,
	CreateCount:1,
	DestroyCount:0,
	CloseCount:2,
	ConnectCount:2,
	Connections:[
		{ID:21057682, ConnectTime:"2014-11-23 16:03:48", UseCount:2, LastActiveTime:"2014-11-23 16:03:49"}
	]
}] of Hibernate SessionFactory for HibernateTransactionManager
[INFO][2014-11-23 16:03:49,372][org.springframework.web.context.ContextLoader]Root WebApplicationContext: initialization completed in 2725 ms
[INFO][2014-11-23 16:03:49,441][org.springframework.web.servlet.DispatcherServlet]FrameworkServlet 'springMvc': initialization started
[INFO][2014-11-23 16:03:49,445][org.springframework.web.context.support.XmlWebApplicationContext]Refreshing WebApplicationContext for namespace 'springMvc-servlet': startup date [Sun Nov 23 16:03:49 CST 2014]; parent: Root WebApplicationContext
[INFO][2014-11-23 16:03:49,446][org.springframework.beans.factory.xml.XmlBeanDefinitionReader]Loading XML bean definitions from class path resource [spring-mvc.xml]
[INFO][2014-11-23 16:03:50,115][org.springframework.web.servlet.mvc.annotation.DefaultAnnotationHandlerMapping]Mapped URL path [//] onto handler 'mobileController'
[INFO][2014-11-23 16:03:50,166][org.springframework.web.servlet.DispatcherServlet]FrameworkServlet 'springMvc': initialization completed in 724 ms
[INFO][2014-11-23 16:08:14,881][org.springframework.web.context.ContextLoader]Root WebApplicationContext: initialization started
[INFO][2014-11-23 16:08:15,009][org.springframework.web.context.support.XmlWebApplicationContext]Refreshing Root WebApplicationContext: startup date [Sun Nov 23 16:08:15 CST 2014]; root of context hierarchy
[INFO][2014-11-23 16:08:15,083][org.springframework.beans.factory.xml.XmlBeanDefinitionReader]Loading XML bean definitions from class path resource [spring.xml]
[INFO][2014-11-23 16:08:15,285][org.springframework.beans.factory.xml.XmlBeanDefinitionReader]Loading XML bean definitions from class path resource [spring-hibernate.xml]
[INFO][2014-11-23 16:08:15,570][org.springframework.beans.factory.config.PropertyPlaceholderConfigurer]Loading properties file from class path resource [config.properties]
[ERROR][2014-11-23 16:08:15,761][com.alibaba.druid.pool.DruidAbstractDataSource]maxIdle is deprecated
[INFO][2014-11-23 16:08:15,903][com.alibaba.druid.pool.DruidDataSource]{dataSource-1} inited
[INFO][2014-11-23 16:08:16,476][org.hibernate.annotations.common.Version]HCANN000001: Hibernate Commons Annotations {4.0.4.Final}
[INFO][2014-11-23 16:08:16,486][org.hibernate.Version]HHH000412: Hibernate Core {4.3.4.Final}
[INFO][2014-11-23 16:08:16,497][org.hibernate.cfg.Environment]HHH000206: hibernate.properties not found
[INFO][2014-11-23 16:08:16,499][org.hibernate.cfg.Environment]HHH000021: Bytecode provider name : javassist
[INFO][2014-11-23 16:08:17,033][org.hibernate.dialect.Dialect]HHH000400: Using dialect: org.hibernate.dialect.MySQLDialect
[INFO][2014-11-23 16:08:17,117][org.hibernate.engine.transaction.internal.TransactionFactoryInitiator]HHH000399: Using default transaction strategy (direct JDBC transactions)
[INFO][2014-11-23 16:08:17,124][org.hibernate.hql.internal.ast.ASTQueryTranslatorFactory]HHH000397: Using ASTQueryTranslatorFactory
[INFO][2014-11-23 16:08:17,290][org.hibernate.tool.hbm2ddl.SchemaUpdate]HHH000228: Running hbm2ddl schema update
[INFO][2014-11-23 16:08:17,290][org.hibernate.tool.hbm2ddl.SchemaUpdate]HHH000102: Fetching database metadata
[INFO][2014-11-23 16:08:17,295][org.hibernate.tool.hbm2ddl.SchemaUpdate]HHH000396: Updating schema
[INFO][2014-11-23 16:08:17,296][org.hibernate.tool.hbm2ddl.SchemaUpdate]HHH000232: Schema update complete
[INFO][2014-11-23 16:08:17,384][org.springframework.orm.hibernate4.HibernateTransactionManager]Using DataSource [{
	CreateTime:"2014-11-23 16:08:15",
	ActiveCount:0,
	PoolingCount:1,
	CreateCount:1,
	DestroyCount:0,
	CloseCount:2,
	ConnectCount:2,
	Connections:[
		{ID:3422526, ConnectTime:"2014-11-23 16:08:16", UseCount:2, LastActiveTime:"2014-11-23 16:08:17"}
	]
}] of Hibernate SessionFactory for HibernateTransactionManager
[INFO][2014-11-23 16:08:17,434][org.springframework.web.context.ContextLoader]Root WebApplicationContext: initialization completed in 2552 ms
[INFO][2014-11-23 16:08:17,639][org.springframework.web.servlet.DispatcherServlet]FrameworkServlet 'springMvc': initialization started
[INFO][2014-11-23 16:08:17,648][org.springframework.web.context.support.XmlWebApplicationContext]Refreshing WebApplicationContext for namespace 'springMvc-servlet': startup date [Sun Nov 23 16:08:17 CST 2014]; parent: Root WebApplicationContext
[INFO][2014-11-23 16:08:17,649][org.springframework.beans.factory.xml.XmlBeanDefinitionReader]Loading XML bean definitions from class path resource [spring-mvc.xml]
[INFO][2014-11-23 16:08:18,246][org.springframework.web.servlet.mvc.annotation.DefaultAnnotationHandlerMapping]Mapped URL path [//] onto handler 'mobileController'
[INFO][2014-11-23 16:08:18,390][org.springframework.web.servlet.DispatcherServlet]FrameworkServlet 'springMvc': initialization completed in 751 ms
[INFO][2014-11-23 16:09:24,000][org.springframework.web.context.ContextLoader]Root WebApplicationContext: initialization started
[INFO][2014-11-23 16:09:24,125][org.springframework.web.context.support.XmlWebApplicationContext]Refreshing Root WebApplicationContext: startup date [Sun Nov 23 16:09:24 CST 2014]; root of context hierarchy
[INFO][2014-11-23 16:09:24,181][org.springframework.beans.factory.xml.XmlBeanDefinitionReader]Loading XML bean definitions from class path resource [spring.xml]
[INFO][2014-11-23 16:09:24,369][org.springframework.beans.factory.xml.XmlBeanDefinitionReader]Loading XML bean definitions from class path resource [spring-hibernate.xml]
[INFO][2014-11-23 16:09:24,651][org.springframework.beans.factory.config.PropertyPlaceholderConfigurer]Loading properties file from class path resource [config.properties]
[ERROR][2014-11-23 16:09:24,828][com.alibaba.druid.pool.DruidAbstractDataSource]maxIdle is deprecated
[INFO][2014-11-23 16:09:24,957][com.alibaba.druid.pool.DruidDataSource]{dataSource-1} inited
[INFO][2014-11-23 16:09:25,544][org.hibernate.annotations.common.Version]HCANN000001: Hibernate Commons Annotations {4.0.4.Final}
[INFO][2014-11-23 16:09:25,554][org.hibernate.Version]HHH000412: Hibernate Core {4.3.4.Final}
[INFO][2014-11-23 16:09:25,556][org.hibernate.cfg.Environment]HHH000206: hibernate.properties not found
[INFO][2014-11-23 16:09:25,558][org.hibernate.cfg.Environment]HHH000021: Bytecode provider name : javassist
[INFO][2014-11-23 16:09:26,089][org.hibernate.dialect.Dialect]HHH000400: Using dialect: org.hibernate.dialect.MySQLDialect
[INFO][2014-11-23 16:09:26,179][org.hibernate.engine.transaction.internal.TransactionFactoryInitiator]HHH000399: Using default transaction strategy (direct JDBC transactions)
[INFO][2014-11-23 16:09:26,187][org.hibernate.hql.internal.ast.ASTQueryTranslatorFactory]HHH000397: Using ASTQueryTranslatorFactory
[INFO][2014-11-23 16:09:26,358][org.hibernate.tool.hbm2ddl.SchemaUpdate]HHH000228: Running hbm2ddl schema update
[INFO][2014-11-23 16:09:26,358][org.hibernate.tool.hbm2ddl.SchemaUpdate]HHH000102: Fetching database metadata
[INFO][2014-11-23 16:09:26,363][org.hibernate.tool.hbm2ddl.SchemaUpdate]HHH000396: Updating schema
[INFO][2014-11-23 16:09:26,364][org.hibernate.tool.hbm2ddl.SchemaUpdate]HHH000232: Schema update complete
[INFO][2014-11-23 16:09:26,458][org.springframework.orm.hibernate4.HibernateTransactionManager]Using DataSource [{
	CreateTime:"2014-11-23 16:09:24",
	ActiveCount:0,
	PoolingCount:1,
	CreateCount:1,
	DestroyCount:0,
	CloseCount:2,
	ConnectCount:2,
	Connections:[
		{ID:15025310, ConnectTime:"2014-11-23 16:09:26", UseCount:2, LastActiveTime:"2014-11-23 16:09:26"}
	]
}] of Hibernate SessionFactory for HibernateTransactionManager
[INFO][2014-11-23 16:09:26,488][org.springframework.web.context.ContextLoader]Root WebApplicationContext: initialization completed in 2487 ms
[INFO][2014-11-23 16:09:26,601][org.springframework.web.servlet.DispatcherServlet]FrameworkServlet 'springMvc': initialization started
[INFO][2014-11-23 16:09:26,609][org.springframework.web.context.support.XmlWebApplicationContext]Refreshing WebApplicationContext for namespace 'springMvc-servlet': startup date [Sun Nov 23 16:09:26 CST 2014]; parent: Root WebApplicationContext
[INFO][2014-11-23 16:09:26,610][org.springframework.beans.factory.xml.XmlBeanDefinitionReader]Loading XML bean definitions from class path resource [spring-mvc.xml]
[INFO][2014-11-23 16:09:27,218][org.springframework.web.servlet.mvc.annotation.DefaultAnnotationHandlerMapping]Mapped URL path [//] onto handler 'mobileController'
[INFO][2014-11-23 16:09:27,363][org.springframework.web.servlet.DispatcherServlet]FrameworkServlet 'springMvc': initialization completed in 762 ms
[INFO][2014-11-23 16:09:57,861][org.springframework.web.context.ContextLoader]Root WebApplicationContext: initialization started
[INFO][2014-11-23 16:09:58,004][org.springframework.web.context.support.XmlWebApplicationContext]Refreshing Root WebApplicationContext: startup date [Sun Nov 23 16:09:58 CST 2014]; root of context hierarchy
[INFO][2014-11-23 16:09:58,064][org.springframework.beans.factory.xml.XmlBeanDefinitionReader]Loading XML bean definitions from class path resource [spring.xml]
[INFO][2014-11-23 16:09:58,283][org.springframework.beans.factory.xml.XmlBeanDefinitionReader]Loading XML bean definitions from class path resource [spring-hibernate.xml]
[INFO][2014-11-23 16:09:58,600][org.springframework.beans.factory.config.PropertyPlaceholderConfigurer]Loading properties file from class path resource [config.properties]
[ERROR][2014-11-23 16:09:58,778][com.alibaba.druid.pool.DruidAbstractDataSource]maxIdle is deprecated
[INFO][2014-11-23 16:09:58,907][com.alibaba.druid.pool.DruidDataSource]{dataSource-1} inited
[INFO][2014-11-23 16:09:59,463][org.hibernate.annotations.common.Version]HCANN000001: Hibernate Commons Annotations {4.0.4.Final}
[INFO][2014-11-23 16:09:59,473][org.hibernate.Version]HHH000412: Hibernate Core {4.3.4.Final}
[INFO][2014-11-23 16:09:59,475][org.hibernate.cfg.Environment]HHH000206: hibernate.properties not found
[INFO][2014-11-23 16:09:59,477][org.hibernate.cfg.Environment]HHH000021: Bytecode provider name : javassist
[INFO][2014-11-23 16:09:59,999][org.hibernate.dialect.Dialect]HHH000400: Using dialect: org.hibernate.dialect.MySQLDialect
[INFO][2014-11-23 16:10:00,084][org.hibernate.engine.transaction.internal.TransactionFactoryInitiator]HHH000399: Using default transaction strategy (direct JDBC transactions)
[INFO][2014-11-23 16:10:00,092][org.hibernate.hql.internal.ast.ASTQueryTranslatorFactory]HHH000397: Using ASTQueryTranslatorFactory
[INFO][2014-11-23 16:10:00,259][org.hibernate.tool.hbm2ddl.SchemaUpdate]HHH000228: Running hbm2ddl schema update
[INFO][2014-11-23 16:10:00,259][org.hibernate.tool.hbm2ddl.SchemaUpdate]HHH000102: Fetching database metadata
[INFO][2014-11-23 16:10:00,264][org.hibernate.tool.hbm2ddl.SchemaUpdate]HHH000396: Updating schema
[INFO][2014-11-23 16:10:00,266][org.hibernate.tool.hbm2ddl.SchemaUpdate]HHH000232: Schema update complete
[INFO][2014-11-23 16:10:00,359][org.springframework.orm.hibernate4.HibernateTransactionManager]Using DataSource [{
	CreateTime:"2014-11-23 16:09:58",
	ActiveCount:0,
	PoolingCount:1,
	CreateCount:1,
	DestroyCount:0,
	CloseCount:2,
	ConnectCount:2,
	Connections:[
		{ID:33297092, ConnectTime:"2014-11-23 16:09:59", UseCount:2, LastActiveTime:"2014-11-23 16:10:00"}
	]
}] of Hibernate SessionFactory for HibernateTransactionManager
[INFO][2014-11-23 16:10:00,388][org.springframework.web.context.ContextLoader]Root WebApplicationContext: initialization completed in 2526 ms
[INFO][2014-11-23 16:10:00,524][org.springframework.web.servlet.DispatcherServlet]FrameworkServlet 'springMvc': initialization started
[INFO][2014-11-23 16:10:00,532][org.springframework.web.context.support.XmlWebApplicationContext]Refreshing WebApplicationContext for namespace 'springMvc-servlet': startup date [Sun Nov 23 16:10:00 CST 2014]; parent: Root WebApplicationContext
[INFO][2014-11-23 16:10:00,533][org.springframework.beans.factory.xml.XmlBeanDefinitionReader]Loading XML bean definitions from class path resource [spring-mvc.xml]
[INFO][2014-11-23 16:10:01,153][org.springframework.web.servlet.mvc.annotation.DefaultAnnotationHandlerMapping]Mapped URL path [/basic/] onto handler 'mobileController'
[INFO][2014-11-23 16:10:01,294][org.springframework.web.servlet.DispatcherServlet]FrameworkServlet 'springMvc': initialization completed in 770 ms
[WARN][2014-11-23 16:10:08,887][org.springframework.web.servlet.PageNotFound]No mapping found for HTTP request with URI [/bfmanage/] in DispatcherServlet with name 'springMvc'
[WARN][2014-11-23 16:11:02,236][org.springframework.web.servlet.PageNotFound]No mapping found for HTTP request with URI [/bfmanage/basic] in DispatcherServlet with name 'springMvc'
[INFO][2014-11-23 16:13:58,351][org.springframework.web.context.ContextLoader]Root WebApplicationContext: initialization started
[INFO][2014-11-23 16:13:58,479][org.springframework.web.context.support.XmlWebApplicationContext]Refreshing Root WebApplicationContext: startup date [Sun Nov 23 16:13:58 CST 2014]; root of context hierarchy
[INFO][2014-11-23 16:13:58,543][org.springframework.beans.factory.xml.XmlBeanDefinitionReader]Loading XML bean definitions from class path resource [spring.xml]
[INFO][2014-11-23 16:13:58,729][org.springframework.beans.factory.xml.XmlBeanDefinitionReader]Loading XML bean definitions from class path resource [spring-hibernate.xml]
[INFO][2014-11-23 16:13:59,016][org.springframework.beans.factory.config.PropertyPlaceholderConfigurer]Loading properties file from class path resource [config.properties]
[ERROR][2014-11-23 16:13:59,216][com.alibaba.druid.pool.DruidAbstractDataSource]maxIdle is deprecated
[INFO][2014-11-23 16:13:59,366][com.alibaba.druid.pool.DruidDataSource]{dataSource-1} inited
[INFO][2014-11-23 16:13:59,978][org.hibernate.annotations.common.Version]HCANN000001: Hibernate Commons Annotations {4.0.4.Final}
[INFO][2014-11-23 16:13:59,988][org.hibernate.Version]HHH000412: Hibernate Core {4.3.4.Final}
[INFO][2014-11-23 16:13:59,991][org.hibernate.cfg.Environment]HHH000206: hibernate.properties not found
[INFO][2014-11-23 16:13:59,993][org.hibernate.cfg.Environment]HHH000021: Bytecode provider name : javassist
[INFO][2014-11-23 16:14:00,544][org.hibernate.dialect.Dialect]HHH000400: Using dialect: org.hibernate.dialect.MySQLDialect
[INFO][2014-11-23 16:14:00,629][org.hibernate.engine.transaction.internal.TransactionFactoryInitiator]HHH000399: Using default transaction strategy (direct JDBC transactions)
[INFO][2014-11-23 16:14:00,637][org.hibernate.hql.internal.ast.ASTQueryTranslatorFactory]HHH000397: Using ASTQueryTranslatorFactory
[INFO][2014-11-23 16:14:00,800][org.hibernate.tool.hbm2ddl.SchemaUpdate]HHH000228: Running hbm2ddl schema update
[INFO][2014-11-23 16:14:00,800][org.hibernate.tool.hbm2ddl.SchemaUpdate]HHH000102: Fetching database metadata
[INFO][2014-11-23 16:14:00,805][org.hibernate.tool.hbm2ddl.SchemaUpdate]HHH000396: Updating schema
[INFO][2014-11-23 16:14:00,806][org.hibernate.tool.hbm2ddl.SchemaUpdate]HHH000232: Schema update complete
[INFO][2014-11-23 16:14:00,898][org.springframework.orm.hibernate4.HibernateTransactionManager]Using DataSource [{
	CreateTime:"2014-11-23 16:13:59",
	ActiveCount:0,
	PoolingCount:1,
	CreateCount:1,
	DestroyCount:0,
	CloseCount:2,
	ConnectCount:2,
	Connections:[
		{ID:18843443, ConnectTime:"2014-11-23 16:14:00", UseCount:2, LastActiveTime:"2014-11-23 16:14:00"}
	]
}] of Hibernate SessionFactory for HibernateTransactionManager
[INFO][2014-11-23 16:14:00,929][org.springframework.web.context.ContextLoader]Root WebApplicationContext: initialization completed in 2577 ms
[INFO][2014-11-23 16:14:01,049][org.springframework.web.servlet.DispatcherServlet]FrameworkServlet 'springMvc': initialization started
[INFO][2014-11-23 16:14:01,059][org.springframework.web.context.support.XmlWebApplicationContext]Refreshing WebApplicationContext for namespace 'springMvc-servlet': startup date [Sun Nov 23 16:14:01 CST 2014]; parent: Root WebApplicationContext
[INFO][2014-11-23 16:14:01,060][org.springframework.beans.factory.xml.XmlBeanDefinitionReader]Loading XML bean definitions from class path resource [spring-mvc.xml]
[INFO][2014-11-23 16:14:01,747][org.springframework.web.servlet.mvc.annotation.DefaultAnnotationHandlerMapping]Mapped URL path [/basic/] onto handler 'mobileController'
[INFO][2014-11-23 16:14:01,890][org.springframework.web.servlet.DispatcherServlet]FrameworkServlet 'springMvc': initialization completed in 841 ms
[WARN][2014-11-23 16:14:07,540][org.springframework.web.servlet.PageNotFound]No mapping found for HTTP request with URI [/bfmanage/basic] in DispatcherServlet with name 'springMvc'
[WARN][2014-11-23 16:14:07,759][org.springframework.web.servlet.PageNotFound]No mapping found for HTTP request with URI [/bfmanage/] in DispatcherServlet with name 'springMvc'
[WARN][2014-11-23 16:14:11,429][org.springframework.web.servlet.PageNotFound]No mapping found for HTTP request with URI [/bfmanage/basic] in DispatcherServlet with name 'springMvc'
